<?xml version="1.0" encoding="UTF-8"?>
<robot generator="Robot 6.0.2 (Python 3.13.2 on win32)" generated="20250308 12:33:23.939" rpa="false" schemaversion="3">
<suite id="s1" name="Tests" source="C:\Replay\PVH\Tests">
<kw name="Setup highest level suite" type="SETUP">
<kw name="Set Variable" library="BuiltIn">
<var>${d.test_server}</var>
<arg>${test_server}</arg>
<doc>Returns the given values which can then be assigned to a variables.</doc>
<msg timestamp="20250308 12:33:25.161" level="INFO">${d.test_server} = Dev</msg>
<status status="PASS" starttime="20250308 12:33:25.161" endtime="20250308 12:33:25.161"/>
</kw>
<kw name="Reset screenshot count variable" library="Support">
<kw name="Set Variable" library="BuiltIn">
<var>${screenshotCount}</var>
<arg>${PABOTQUEUEINDEX}_1</arg>
<doc>Returns the given values which can then be assigned to a variables.</doc>
<msg timestamp="20250308 12:33:25.162" level="INFO">${screenshotCount} = 0_1</msg>
<status status="PASS" starttime="20250308 12:33:25.161" endtime="20250308 12:33:25.162"/>
</kw>
<kw name="Set Global Variable" library="BuiltIn">
<arg>${screenshotCount}</arg>
<doc>Makes a variable available globally in all tests and suites.</doc>
<msg timestamp="20250308 12:33:25.162" level="INFO">${screenshotCount} = 0_1</msg>
<status status="PASS" starttime="20250308 12:33:25.162" endtime="20250308 12:33:25.162"/>
</kw>
<kw name="Set up screenshot directory" library="Support">
<kw name="Create Directory" library="OperatingSystem">
<arg>${OUTPUTDIR}${/}${wvar('screenshot_dir')}</arg>
<doc>Creates the specified directory.</doc>
<msg timestamp="20250308 12:33:25.164" level="INFO">Web.Dev.screenshot_dir: Screenshot</msg>
<msg timestamp="20250308 12:33:25.165" level="INFO" html="true">Created directory '&lt;a href="file://C:\Replay\PVH\Output\c4389aee-e48d-471e-bbee-d708ebd1aff6\pabot_results\0\Screenshot"&gt;C:\Replay\PVH\Output\c4389aee-e48d-471e-bbee-d708ebd1aff6\pabot_results\0\Screenshot&lt;/a&gt;'.</msg>
<status status="PASS" starttime="20250308 12:33:25.163" endtime="20250308 12:33:25.165"/>
</kw>
<status status="PASS" starttime="20250308 12:33:25.162" endtime="20250308 12:33:25.165"/>
</kw>
<status status="PASS" starttime="20250308 12:33:25.161" endtime="20250308 12:33:25.165"/>
</kw>
<kw name="Set Global Variable" library="BuiltIn">
<arg>${screenshot_taking}</arg>
<arg>${True}</arg>
<doc>Makes a variable available globally in all tests and suites.</doc>
<msg timestamp="20250308 12:33:25.166" level="INFO">${screenshot_taking} = True</msg>
<status status="PASS" starttime="20250308 12:33:25.165" endtime="20250308 12:33:25.166"/>
</kw>
<kw name="Setup linux execution" library="Support">
<kw name="Run Keyword And Return Status" library="BuiltIn">
<var>${web_test_check}</var>
<arg>Variable Should Exist</arg>
<arg>${web_test}</arg>
<doc>Runs the given keyword with given arguments and returns the status as a Boolean value.</doc>
<kw name="Variable Should Exist" library="BuiltIn">
<arg>${web_test}</arg>
<doc>Fails unless the given variable exists within the current scope.</doc>
<status status="PASS" starttime="20250308 12:33:25.167" endtime="20250308 12:33:25.167"/>
</kw>
<msg timestamp="20250308 12:33:25.167" level="INFO">${web_test_check} = True</msg>
<status status="PASS" starttime="20250308 12:33:25.166" endtime="20250308 12:33:25.167"/>
</kw>
<kw name="Run Keyword If" library="BuiltIn">
<arg>${web_test_check}</arg>
<arg>Setup Docker Execution Options</arg>
<doc>Runs the given keyword with the given arguments, if ``condition`` is true.</doc>
<kw name="Setup Docker Execution Options" library="Support_Web">
<kw name="Setup Suite Metadata" library="Support_Web">
<arg>${browser}</arg>
<kw name="Get Browser Metadata" library="BrowserSupport">
<var>&amp;{browser_information}</var>
<arg>browser=${browser}</arg>
<doc>Fetches browser metadata information
:param browser: Name of the browser for which information is fetched
:param reload: Re-read the metadata based on the browser
:return: Browser metadata information, dict of format
            {"browser_version": browser version value,
             "driver_version": driver version value}</doc>
<msg timestamp="20250308 12:33:29.269" level="INFO">&amp;{browser_information} = { browser_version=134.0.6998.36 | driver_version=134.0.6998.35  }</msg>
<status status="PASS" starttime="20250308 12:33:25.168" endtime="20250308 12:33:29.269"/>
</kw>
<kw name="Set Suite Metadata" library="BuiltIn">
<arg>test_browser_name</arg>
<arg>${browser}</arg>
<doc>Sets metadata for the current test suite.</doc>
<msg timestamp="20250308 12:33:29.270" level="INFO">Set suite metadata 'test_browser_name' to value 'chrome'.</msg>
<status status="PASS" starttime="20250308 12:33:29.269" endtime="20250308 12:33:29.270"/>
</kw>
<kw name="Set Suite Metadata" library="BuiltIn">
<arg>test_browser_version</arg>
<arg>${browser_information.browser_version}</arg>
<doc>Sets metadata for the current test suite.</doc>
<msg timestamp="20250308 12:33:29.271" level="INFO">Set suite metadata 'test_browser_version' to value '134.0.6998.36'.</msg>
<status status="PASS" starttime="20250308 12:33:29.270" endtime="20250308 12:33:29.271"/>
</kw>
<kw name="Set Suite Metadata" library="BuiltIn">
<arg>test_driver_version</arg>
<arg>${browser_information.driver_version}</arg>
<doc>Sets metadata for the current test suite.</doc>
<msg timestamp="20250308 12:33:29.272" level="INFO">Set suite metadata 'test_driver_version' to value '134.0.6998.35 '.</msg>
<status status="PASS" starttime="20250308 12:33:29.271" endtime="20250308 12:33:29.272"/>
</kw>
<status status="PASS" starttime="20250308 12:33:25.168" endtime="20250308 12:33:29.272"/>
</kw>
<kw name="Setup Global Docker Execution Options" library="Support_Web">
<kw name="Set Global Variable" library="BuiltIn">
<arg>${global_browser_options}</arg>
<arg>None</arg>
<doc>Makes a variable available globally in all tests and suites.</doc>
<msg timestamp="20250308 12:33:29.274" level="INFO">${global_browser_options} = None</msg>
<status status="PASS" starttime="20250308 12:33:29.273" endtime="20250308 12:33:29.274"/>
</kw>
<kw name="Get Environment Variable" library="OperatingSystem">
<var>${docker_check}</var>
<arg>EXECUTION_ENVIRONMENT</arg>
<arg>not_found</arg>
<doc>Returns the value of an environment variable with the given name.</doc>
<msg timestamp="20250308 12:33:29.274" level="INFO">${docker_check} = not_found</msg>
<status status="PASS" starttime="20250308 12:33:29.274" endtime="20250308 12:33:29.274"/>
</kw>
<kw name="Run Keyword And Return If" library="BuiltIn">
<arg>"${docker_check}"!="docker"</arg>
<arg>Log</arg>
<arg>Not executing on Docker</arg>
<doc>Runs the specified keyword and returns from the enclosing user keyword.</doc>
<kw name="Log" library="BuiltIn">
<arg>Not executing on Docker</arg>
<doc>Logs the given message with the given level.</doc>
<msg timestamp="20250308 12:33:29.275" level="INFO">Not executing on Docker</msg>
<status status="PASS" starttime="20250308 12:33:29.275" endtime="20250308 12:33:29.275"/>
</kw>
<msg timestamp="20250308 12:33:29.275" level="INFO">Returning from the enclosing user keyword.</msg>
<status status="PASS" starttime="20250308 12:33:29.274" endtime="20250308 12:33:29.275"/>
</kw>
<kw name="Create List" library="BuiltIn">
<var>@{options}</var>
<arg>--headless</arg>
<arg>--no-sandbox</arg>
<arg>--disable-dev-shm-usage</arg>
<doc>Returns a list containing given items.</doc>
<status status="NOT RUN" starttime="20250308 12:33:29.275" endtime="20250308 12:33:29.275"/>
</kw>
<kw name="Set Global Variable" library="BuiltIn">
<arg>@{docker_options}</arg>
<arg>@{options}</arg>
<doc>Makes a variable available globally in all tests and suites.</doc>
<status status="NOT RUN" starttime="20250308 12:33:29.276" endtime="20250308 12:33:29.276"/>
</kw>
<status status="PASS" starttime="20250308 12:33:29.272" endtime="20250308 12:33:29.276"/>
</kw>
<kw name="Create Webdriver for chrome preferences" library="Support_Web">
<kw name="Update Docker Execution Options" library="Support_Web">
<var>${list_prefs}</var>
<arg>${list_prefs}</arg>
<kw name="Run Keyword And Return Status" library="BuiltIn">
<var>${docker_check}</var>
<arg>Variable Should Exist</arg>
<arg>${docker_options}</arg>
<doc>Runs the given keyword with given arguments and returns the status as a Boolean value.</doc>
<kw name="Variable Should Exist" library="BuiltIn">
<arg>${docker_options}</arg>
<doc>Fails unless the given variable exists within the current scope.</doc>
<msg timestamp="20250308 12:33:29.279" level="FAIL">Variable '${docker_options}' does not exist.</msg>
<status status="FAIL" starttime="20250308 12:33:29.277" endtime="20250308 12:33:29.279"/>
</kw>
<msg timestamp="20250308 12:33:29.279" level="INFO">${docker_check} = False</msg>
<status status="PASS" starttime="20250308 12:33:29.277" endtime="20250308 12:33:29.279"/>
</kw>
<kw name="Get Length" library="BuiltIn">
<var>${list_prefs_length}</var>
<arg>${list_prefs}</arg>
<doc>Returns and logs the length of the given item as an integer.</doc>
<msg timestamp="20250308 12:33:29.280" level="INFO">Length is 1</msg>
<msg timestamp="20250308 12:33:29.280" level="INFO">${list_prefs_length} = 1</msg>
<status status="PASS" starttime="20250308 12:33:29.279" endtime="20250308 12:33:29.280"/>
</kw>
<kw name="Run Keyword If" library="BuiltIn">
<var>${list_prefs}</var>
<arg>${docker_check} and ${list_prefs_length}&gt;0 and ${list_prefs}[0] != []</arg>
<arg>Combine Lists</arg>
<arg>${list_prefs}</arg>
<arg>${docker_options}</arg>
<arg>ELSE IF</arg>
<arg>${docker_check}</arg>
<arg>Set Variable</arg>
<arg>${docker_options}</arg>
<arg>ELSE</arg>
<arg>Set Variable</arg>
<arg>${list_prefs}</arg>
<doc>Runs the given keyword with the given arguments, if ``condition`` is true.</doc>
<kw name="Set Variable" library="BuiltIn">
<arg>${list_prefs}</arg>
<doc>Returns the given values which can then be assigned to a variables.</doc>
<status status="PASS" starttime="20250308 12:33:29.280" endtime="20250308 12:33:29.281"/>
</kw>
<msg timestamp="20250308 12:33:29.281" level="INFO">${list_prefs} = [[]]</msg>
<status status="PASS" starttime="20250308 12:33:29.280" endtime="20250308 12:33:29.281"/>
</kw>
<msg timestamp="20250308 12:33:29.281" level="INFO">${list_prefs} = [[]]</msg>
<status status="PASS" starttime="20250308 12:33:29.276" endtime="20250308 12:33:29.281"/>
</kw>
<kw name="Create Chrome Options for download preferences" library="Support_Web">
<var>${chrome_options}</var>
<kw name="Evaluate" library="BuiltIn">
<var>${chrome_options}</var>
<arg>sys.modules['selenium.webdriver'].ChromeOptions()</arg>
<arg>sys</arg>
<doc>Evaluates the given expression in Python and returns the result.</doc>
<msg timestamp="20250308 12:33:29.282" level="INFO">${chrome_options} = &lt;selenium.webdriver.chrome.options.Options object at 0x0000013876320A50&gt;</msg>
<status status="PASS" starttime="20250308 12:33:29.281" endtime="20250308 12:33:29.282"/>
</kw>
<msg timestamp="20250308 12:33:29.282" level="INFO">${chrome_options} = &lt;selenium.webdriver.chrome.options.Options object at 0x0000013876320A50&gt;</msg>
<status status="PASS" starttime="20250308 12:33:29.281" endtime="20250308 12:33:29.282"/>
</kw>
<kw name="Update Preferences List" library="Support_Web">
<arg>${chrome_options}</arg>
<arg>@{list_prefs}</arg>
<kw name="Convert To String" library="BuiltIn">
<var>${string_prefs}</var>
<arg>${list_prefs}</arg>
<doc>Converts the given item to a Unicode string.</doc>
<msg timestamp="20250308 12:33:29.283" level="INFO">${string_prefs} = [[]]</msg>
<status status="PASS" starttime="20250308 12:33:29.282" endtime="20250308 12:33:29.283"/>
</kw>
<kw name="Return From Keyword If" library="BuiltIn">
<arg>${string_prefs} == [[]]</arg>
<doc>Returns from the enclosing user keyword if ``condition`` is true.</doc>
<msg timestamp="20250308 12:33:29.283" level="INFO">Returning from the enclosing user keyword.</msg>
<status status="PASS" starttime="20250308 12:33:29.283" endtime="20250308 12:33:29.283"/>
</kw>
<for flavor="IN">
<var>${preference}</var>
<value>@{list_prefs}</value>
<iter>
<var name="${preference}"/>
<kw name="Call Method" library="BuiltIn">
<arg>${chrome_options}</arg>
<arg>add_argument</arg>
<arg>${preference}</arg>
<doc>Calls the named method of the given object with the provided arguments.</doc>
<status status="NOT RUN" starttime="20250308 12:33:29.284" endtime="20250308 12:33:29.284"/>
</kw>
<status status="NOT RUN" starttime="20250308 12:33:29.284" endtime="20250308 12:33:29.284"/>
</iter>
<status status="NOT RUN" starttime="20250308 12:33:29.283" endtime="20250308 12:33:29.284"/>
</for>
<status status="PASS" starttime="20250308 12:33:29.282" endtime="20250308 12:33:29.284"/>
</kw>
<kw name="Call Method" library="BuiltIn">
<arg>${chrome_options}</arg>
<arg>add_experimental_option</arg>
<arg>prefs</arg>
<arg>${kw_prefs}</arg>
<doc>Calls the named method of the given object with the provided arguments.</doc>
<status status="PASS" starttime="20250308 12:33:29.285" endtime="20250308 12:33:29.285"/>
</kw>
<kw name="Set Global Variable" library="BuiltIn">
<arg>${global_browser_options}</arg>
<arg>${chrome options}</arg>
<doc>Makes a variable available globally in all tests and suites.</doc>
<msg timestamp="20250308 12:33:29.285" level="INFO">${global_browser_options} = &lt;selenium.webdriver.chrome.options.Options object at 0x0000013876320A50&gt;</msg>
<status status="PASS" starttime="20250308 12:33:29.285" endtime="20250308 12:33:29.285"/>
</kw>
<status status="PASS" starttime="20250308 12:33:29.276" endtime="20250308 12:33:29.286"/>
</kw>
<status status="PASS" starttime="20250308 12:33:25.168" endtime="20250308 12:33:29.286"/>
</kw>
<status status="PASS" starttime="20250308 12:33:25.167" endtime="20250308 12:33:29.286"/>
</kw>
<status status="PASS" starttime="20250308 12:33:25.166" endtime="20250308 12:33:29.286"/>
</kw>
<kw name="Set Suite Metadata" library="BuiltIn">
<arg>environment</arg>
<arg>${test_server}</arg>
<doc>Sets metadata for the current test suite.</doc>
<msg timestamp="20250308 12:33:29.287" level="INFO">Set suite metadata 'environment' to value 'Dev'.</msg>
<status status="PASS" starttime="20250308 12:33:29.286" endtime="20250308 12:33:29.287"/>
</kw>
<status status="PASS" starttime="20250308 12:33:25.160" endtime="20250308 12:33:29.287"/>
</kw>
<suite id="s1-s1" name="Test PVH-smicm" source="C:\Replay\PVH\Tests\Test_PVH-smicm.robot">
<kw name="System Logon" library="PVH-smicm" type="SETUP">
<kw name="Start Process" library="Process">
<arg>${symvar('SAP_SERVER')}</arg>
<doc>Starts a new process on background.</doc>
<msg timestamp="20250308 12:33:29.339" level="INFO">Sym.Dev.SAP_SERVER: C:\Program Files (x86)\SAP\FrontEnd\SAPGUI\saplogon.exe</msg>
<msg timestamp="20250308 12:33:29.339" level="INFO">Starting process:
"C:\Program Files (x86)\SAP\FrontEnd\SAPGUI\saplogon.exe"</msg>
<status status="PASS" starttime="20250308 12:33:29.338" endtime="20250308 12:33:29.348"/>
</kw>
<kw name="Sleep" library="BuiltIn">
<arg>10s</arg>
<doc>Pauses the test executed for the given time.</doc>
<msg timestamp="20250308 12:33:39.350" level="INFO">Slept 10 seconds</msg>
<status status="PASS" starttime="20250308 12:33:29.348" endtime="20250308 12:33:39.350"/>
</kw>
<kw name="Connect To Session" library="SAP_Tcode_Library">
<doc>Connects to an open session SAP.</doc>
<status status="PASS" starttime="20250308 12:33:39.350" endtime="20250308 12:33:39.371"/>
</kw>
<kw name="Open Connection" library="SAP_Tcode_Library">
<arg>${symvar('PVH_connection')}</arg>
<doc>Opens a connection to the given connection name. Be sure to provide the full connection name, including the bracket part.</doc>
<msg timestamp="20250308 12:33:39.372" level="INFO">Sym.Dev.PVH_connection: PFD</msg>
<status status="PASS" starttime="20250308 12:33:39.371" endtime="20250308 12:33:39.899"/>
</kw>
<kw name="Input Text" library="SAP_Tcode_Library">
<arg>wnd[0]/usr/txtRSYST-MANDT</arg>
<arg>${symvar('PVH_Client_Id')}</arg>
<doc>Inserts the given text into the text field identified by locator.
Use keyword `input password` to insert a password in a text field.</doc>
<msg timestamp="20250308 12:33:39.900" level="INFO">Sym.Dev.PVH_Client_Id: 000</msg>
<msg timestamp="20250308 12:33:39.934" level="INFO">Typing text '000' into text field 'wnd[0]/usr/txtRSYST-MANDT'.</msg>
<status status="PASS" starttime="20250308 12:33:39.899" endtime="20250308 12:33:39.934"/>
</kw>
<kw name="Input Text" library="SAP_Tcode_Library">
<arg>wnd[0]/usr/txtRSYST-BNAME</arg>
<arg>${symvar('PVH_User_Name')}</arg>
<doc>Inserts the given text into the text field identified by locator.
Use keyword `input password` to insert a password in a text field.</doc>
<msg timestamp="20250308 12:33:39.935" level="INFO">Sym.Dev.PVH_User_Name: DDIC</msg>
<msg timestamp="20250308 12:33:39.946" level="INFO">Typing text 'DDIC' into text field 'wnd[0]/usr/txtRSYST-BNAME'.</msg>
<status status="PASS" starttime="20250308 12:33:39.934" endtime="20250308 12:33:39.946"/>
</kw>
<kw name="Input Password" library="SAP_Tcode_Library">
<arg>wnd[0]/usr/pwdRSYST-BCODE</arg>
<arg>%{PVH_User_Password}</arg>
<doc>Inserts the given password into the text field identified by locator.
The password is not recorded in the log.</doc>
<msg timestamp="20250308 12:33:39.951" level="INFO">Typing password into text field 'wnd[0]/usr/pwdRSYST-BCODE'.</msg>
<status status="PASS" starttime="20250308 12:33:39.946" endtime="20250308 12:33:39.951"/>
</kw>
<kw name="Send Vkey" library="SAP_Tcode_Library">
<arg>0</arg>
<doc>Sends a SAP virtual key combination to the window, not into an element.
If you want to send a value to a text field, use `input text` instead.</doc>
<status status="PASS" starttime="20250308 12:33:39.951" endtime="20250308 12:33:40.543"/>
</kw>
<kw name="Sleep" library="BuiltIn">
<arg>3</arg>
<doc>Pauses the test executed for the given time.</doc>
<msg timestamp="20250308 12:33:43.544" level="INFO">Slept 3 seconds</msg>
<status status="PASS" starttime="20250308 12:33:40.543" endtime="20250308 12:33:43.544"/>
</kw>
<kw name="Multiple Logon Handling" library="SAP_Tcode_Library">
<arg>wnd[1]</arg>
<arg>wnd[1]/usr/radMULTI_LOGON_OPT2</arg>
<arg>wnd[1]/tbar[0]/btn[0]</arg>
<status status="PASS" starttime="20250308 12:33:43.544" endtime="20250308 12:33:43.546"/>
</kw>
<kw name="Sleep" library="BuiltIn">
<arg>5</arg>
<doc>Pauses the test executed for the given time.</doc>
<msg timestamp="20250308 12:33:48.546" level="INFO">Slept 5 seconds</msg>
<status status="PASS" starttime="20250308 12:33:43.546" endtime="20250308 12:33:48.547"/>
</kw>
<status status="PASS" starttime="20250308 12:33:29.338" endtime="20250308 12:33:48.547"/>
</kw>
<test id="s1-s1-t1" name="PVH-smicm" line="8">
<kw name="PVH-smicm" library="PVH-smicm">
<kw name="Click Element" library="SAP_Tcode_Library">
<arg>wnd[0]/mbar/menu[4]/menu[11]</arg>
<doc>Performs a single click on a given element. Used only for buttons, tabs and menu items.</doc>
<status status="PASS" starttime="20250308 12:33:48.548" endtime="20250308 12:33:49.021"/>
</kw>
<kw name="Sleep" library="BuiltIn">
<arg>1</arg>
<doc>Pauses the test executed for the given time.</doc>
<msg timestamp="20250308 12:33:50.022" level="INFO">Slept 1 second</msg>
<status status="PASS" starttime="20250308 12:33:49.021" endtime="20250308 12:33:50.022"/>
</kw>
<kw name="Take Screenshot" library="SAP_Tcode_Library">
<arg>012_smicm_01.jpg</arg>
<doc>Takes a screenshot, only if 'screenshots on error' has been enabled,
either at import of with keyword `enable screenshots on error`.</doc>
<msg timestamp="20250308 12:33:50.096" level="INFO" html="true">&lt;a href="012_smicm_01.jpg"&gt;&lt;img src="012_smicm_01.jpg" width="800px"&gt;&lt;/a&gt;</msg>
<status status="PASS" starttime="20250308 12:33:50.023" endtime="20250308 12:33:50.096"/>
</kw>
<kw name="Sleep" library="BuiltIn">
<arg>1</arg>
<doc>Pauses the test executed for the given time.</doc>
<msg timestamp="20250308 12:33:51.098" level="INFO">Slept 1 second</msg>
<status status="PASS" starttime="20250308 12:33:50.097" endtime="20250308 12:33:51.098"/>
</kw>
<kw name="Click Element" library="SAP_Tcode_Library">
<arg>wnd[1]/usr/btnPRELINFO</arg>
<doc>Performs a single click on a given element. Used only for buttons, tabs and menu items.</doc>
<status status="PASS" starttime="20250308 12:33:51.098" endtime="20250308 12:33:51.506"/>
</kw>
<kw name="Sleep" library="BuiltIn">
<arg>1</arg>
<doc>Pauses the test executed for the given time.</doc>
<msg timestamp="20250308 12:33:52.507" level="INFO">Slept 1 second</msg>
<status status="PASS" starttime="20250308 12:33:51.506" endtime="20250308 12:33:52.507"/>
</kw>
<kw name="Take Screenshot" library="SAP_Tcode_Library">
<arg>012_smicm_02.jpg</arg>
<doc>Takes a screenshot, only if 'screenshots on error' has been enabled,
either at import of with keyword `enable screenshots on error`.</doc>
<msg timestamp="20250308 12:33:52.551" level="INFO" html="true">&lt;a href="012_smicm_02.jpg"&gt;&lt;img src="012_smicm_02.jpg" width="800px"&gt;&lt;/a&gt;</msg>
<status status="PASS" starttime="20250308 12:33:52.507" endtime="20250308 12:33:52.552"/>
</kw>
<kw name="Sleep" library="BuiltIn">
<arg>1</arg>
<doc>Pauses the test executed for the given time.</doc>
<msg timestamp="20250308 12:33:53.553" level="INFO">Slept 1 second</msg>
<status status="PASS" starttime="20250308 12:33:52.552" endtime="20250308 12:33:53.553"/>
</kw>
<kw name="Get Row Count" library="SAP_Tcode_Library">
<var>${row_count}</var>
<arg>${TREE_PATH}</arg>
<doc>Returns the number of rows found in the specified table.</doc>
<msg timestamp="20250308 12:33:53.575" level="INFO">${row_count} = 194</msg>
<status status="PASS" starttime="20250308 12:33:53.553" endtime="20250308 12:33:53.575"/>
</kw>
<kw name="Log" library="BuiltIn">
<arg>Total Row Count: ${row_count}</arg>
<doc>Logs the given message with the given level.</doc>
<msg timestamp="20250308 12:33:53.576" level="INFO">Total Row Count: 194</msg>
<status status="PASS" starttime="20250308 12:33:53.576" endtime="20250308 12:33:53.576"/>
</kw>
<kw name="Set Variable" library="BuiltIn">
<var>${counter}</var>
<arg>1</arg>
<doc>Returns the given values which can then be assigned to a variables.</doc>
<msg timestamp="20250308 12:33:53.576" level="INFO">${counter} = 1</msg>
<status status="PASS" starttime="20250308 12:33:53.576" endtime="20250308 12:33:53.576"/>
</kw>
<for flavor="IN RANGE">
<var>${i}</var>
<value>0</value>
<value>${row_count + 1}</value>
<value>15</value>
<iter>
<var name="${i}">0</var>
<kw name="Log" library="BuiltIn">
<arg>Processing row ${i}</arg>
<doc>Logs the given message with the given level.</doc>
<msg timestamp="20250308 12:33:53.578" level="INFO">Processing row 0</msg>
<status status="PASS" starttime="20250308 12:33:53.578" endtime="20250308 12:33:53.578"/>
</kw>
<kw name="Selected Rows" library="SAP_Tcode_Library">
<var>${selected_rows}</var>
<arg>${TREE_PATH}</arg>
<arg>${i}</arg>
<msg timestamp="20250308 12:33:53.582" level="INFO">${selected_rows} = None</msg>
<status status="PASS" starttime="20250308 12:33:53.578" endtime="20250308 12:33:53.582"/>
</kw>
<kw name="Log To Console" library="BuiltIn">
<arg>Selected rows: ${selected_rows}</arg>
<doc>Logs the given message to the console.</doc>
<status status="PASS" starttime="20250308 12:33:53.582" endtime="20250308 12:33:53.582"/>
</kw>
<kw name="Take Screenshot" library="SAP_Tcode_Library">
<arg>012_smicm_03_${counter}.jpg</arg>
<doc>Takes a screenshot, only if 'screenshots on error' has been enabled,
either at import of with keyword `enable screenshots on error`.</doc>
<msg timestamp="20250308 12:33:53.638" level="INFO" html="true">&lt;a href="012_smicm_03_1.jpg"&gt;&lt;img src="012_smicm_03_1.jpg" width="800px"&gt;&lt;/a&gt;</msg>
<status status="PASS" starttime="20250308 12:33:53.583" endtime="20250308 12:33:53.638"/>
</kw>
<kw name="Evaluate" library="BuiltIn">
<var>${counter}</var>
<arg>${counter} + 1</arg>
<doc>Evaluates the given expression in Python and returns the result.</doc>
<msg timestamp="20250308 12:33:53.639" level="INFO">${counter} = 2</msg>
<status status="PASS" starttime="20250308 12:33:53.638" endtime="20250308 12:33:53.639"/>
</kw>
<kw name="Sleep" library="BuiltIn">
<arg>1</arg>
<doc>Pauses the test executed for the given time.</doc>
<msg timestamp="20250308 12:33:54.640" level="INFO">Slept 1 second</msg>
<status status="PASS" starttime="20250308 12:33:53.639" endtime="20250308 12:33:54.640"/>
</kw>
<status status="PASS" starttime="20250308 12:33:53.577" endtime="20250308 12:33:54.640"/>
</iter>
<iter>
<var name="${i}">15</var>
<kw name="Log" library="BuiltIn">
<arg>Processing row ${i}</arg>
<doc>Logs the given message with the given level.</doc>
<msg timestamp="20250308 12:33:54.641" level="INFO">Processing row 15</msg>
<status status="PASS" starttime="20250308 12:33:54.641" endtime="20250308 12:33:54.641"/>
</kw>
<kw name="Selected Rows" library="SAP_Tcode_Library">
<var>${selected_rows}</var>
<arg>${TREE_PATH}</arg>
<arg>${i}</arg>
<msg timestamp="20250308 12:33:54.654" level="INFO">${selected_rows} = None</msg>
<status status="PASS" starttime="20250308 12:33:54.641" endtime="20250308 12:33:54.654"/>
</kw>
<kw name="Log To Console" library="BuiltIn">
<arg>Selected rows: ${selected_rows}</arg>
<doc>Logs the given message to the console.</doc>
<status status="PASS" starttime="20250308 12:33:54.654" endtime="20250308 12:33:54.655"/>
</kw>
<kw name="Take Screenshot" library="SAP_Tcode_Library">
<arg>012_smicm_03_${counter}.jpg</arg>
<doc>Takes a screenshot, only if 'screenshots on error' has been enabled,
either at import of with keyword `enable screenshots on error`.</doc>
<msg timestamp="20250308 12:33:54.713" level="INFO" html="true">&lt;a href="012_smicm_03_2.jpg"&gt;&lt;img src="012_smicm_03_2.jpg" width="800px"&gt;&lt;/a&gt;</msg>
<status status="PASS" starttime="20250308 12:33:54.655" endtime="20250308 12:33:54.714"/>
</kw>
<kw name="Evaluate" library="BuiltIn">
<var>${counter}</var>
<arg>${counter} + 1</arg>
<doc>Evaluates the given expression in Python and returns the result.</doc>
<msg timestamp="20250308 12:33:54.714" level="INFO">${counter} = 3</msg>
<status status="PASS" starttime="20250308 12:33:54.714" endtime="20250308 12:33:54.714"/>
</kw>
<kw name="Sleep" library="BuiltIn">
<arg>1</arg>
<doc>Pauses the test executed for the given time.</doc>
<msg timestamp="20250308 12:33:55.715" level="INFO">Slept 1 second</msg>
<status status="PASS" starttime="20250308 12:33:54.714" endtime="20250308 12:33:55.715"/>
</kw>
<status status="PASS" starttime="20250308 12:33:54.640" endtime="20250308 12:33:55.715"/>
</iter>
<iter>
<var name="${i}">30</var>
<kw name="Log" library="BuiltIn">
<arg>Processing row ${i}</arg>
<doc>Logs the given message with the given level.</doc>
<msg timestamp="20250308 12:33:55.716" level="INFO">Processing row 30</msg>
<status status="PASS" starttime="20250308 12:33:55.716" endtime="20250308 12:33:55.716"/>
</kw>
<kw name="Selected Rows" library="SAP_Tcode_Library">
<var>${selected_rows}</var>
<arg>${TREE_PATH}</arg>
<arg>${i}</arg>
<msg timestamp="20250308 12:33:55.729" level="INFO">${selected_rows} = None</msg>
<status status="PASS" starttime="20250308 12:33:55.716" endtime="20250308 12:33:55.729"/>
</kw>
<kw name="Log To Console" library="BuiltIn">
<arg>Selected rows: ${selected_rows}</arg>
<doc>Logs the given message to the console.</doc>
<status status="PASS" starttime="20250308 12:33:55.730" endtime="20250308 12:33:55.730"/>
</kw>
<kw name="Take Screenshot" library="SAP_Tcode_Library">
<arg>012_smicm_03_${counter}.jpg</arg>
<doc>Takes a screenshot, only if 'screenshots on error' has been enabled,
either at import of with keyword `enable screenshots on error`.</doc>
<msg timestamp="20250308 12:33:55.790" level="INFO" html="true">&lt;a href="012_smicm_03_3.jpg"&gt;&lt;img src="012_smicm_03_3.jpg" width="800px"&gt;&lt;/a&gt;</msg>
<status status="PASS" starttime="20250308 12:33:55.730" endtime="20250308 12:33:55.790"/>
</kw>
<kw name="Evaluate" library="BuiltIn">
<var>${counter}</var>
<arg>${counter} + 1</arg>
<doc>Evaluates the given expression in Python and returns the result.</doc>
<msg timestamp="20250308 12:33:55.791" level="INFO">${counter} = 4</msg>
<status status="PASS" starttime="20250308 12:33:55.791" endtime="20250308 12:33:55.791"/>
</kw>
<kw name="Sleep" library="BuiltIn">
<arg>1</arg>
<doc>Pauses the test executed for the given time.</doc>
<msg timestamp="20250308 12:33:56.792" level="INFO">Slept 1 second</msg>
<status status="PASS" starttime="20250308 12:33:55.791" endtime="20250308 12:33:56.792"/>
</kw>
<status status="PASS" starttime="20250308 12:33:55.715" endtime="20250308 12:33:56.792"/>
</iter>
<iter>
<var name="${i}">45</var>
<kw name="Log" library="BuiltIn">
<arg>Processing row ${i}</arg>
<doc>Logs the given message with the given level.</doc>
<msg timestamp="20250308 12:33:56.793" level="INFO">Processing row 45</msg>
<status status="PASS" starttime="20250308 12:33:56.793" endtime="20250308 12:33:56.793"/>
</kw>
<kw name="Selected Rows" library="SAP_Tcode_Library">
<var>${selected_rows}</var>
<arg>${TREE_PATH}</arg>
<arg>${i}</arg>
<msg timestamp="20250308 12:33:56.807" level="INFO">${selected_rows} = None</msg>
<status status="PASS" starttime="20250308 12:33:56.793" endtime="20250308 12:33:56.807"/>
</kw>
<kw name="Log To Console" library="BuiltIn">
<arg>Selected rows: ${selected_rows}</arg>
<doc>Logs the given message to the console.</doc>
<status status="PASS" starttime="20250308 12:33:56.807" endtime="20250308 12:33:56.807"/>
</kw>
<kw name="Take Screenshot" library="SAP_Tcode_Library">
<arg>012_smicm_03_${counter}.jpg</arg>
<doc>Takes a screenshot, only if 'screenshots on error' has been enabled,
either at import of with keyword `enable screenshots on error`.</doc>
<msg timestamp="20250308 12:33:56.865" level="INFO" html="true">&lt;a href="012_smicm_03_4.jpg"&gt;&lt;img src="012_smicm_03_4.jpg" width="800px"&gt;&lt;/a&gt;</msg>
<status status="PASS" starttime="20250308 12:33:56.808" endtime="20250308 12:33:56.865"/>
</kw>
<kw name="Evaluate" library="BuiltIn">
<var>${counter}</var>
<arg>${counter} + 1</arg>
<doc>Evaluates the given expression in Python and returns the result.</doc>
<msg timestamp="20250308 12:33:56.866" level="INFO">${counter} = 5</msg>
<status status="PASS" starttime="20250308 12:33:56.865" endtime="20250308 12:33:56.866"/>
</kw>
<kw name="Sleep" library="BuiltIn">
<arg>1</arg>
<doc>Pauses the test executed for the given time.</doc>
<msg timestamp="20250308 12:33:57.867" level="INFO">Slept 1 second</msg>
<status status="PASS" starttime="20250308 12:33:56.866" endtime="20250308 12:33:57.867"/>
</kw>
<status status="PASS" starttime="20250308 12:33:56.792" endtime="20250308 12:33:57.867"/>
</iter>
<iter>
<var name="${i}">60</var>
<kw name="Log" library="BuiltIn">
<arg>Processing row ${i}</arg>
<doc>Logs the given message with the given level.</doc>
<msg timestamp="20250308 12:33:57.868" level="INFO">Processing row 60</msg>
<status status="PASS" starttime="20250308 12:33:57.867" endtime="20250308 12:33:57.868"/>
</kw>
<kw name="Selected Rows" library="SAP_Tcode_Library">
<var>${selected_rows}</var>
<arg>${TREE_PATH}</arg>
<arg>${i}</arg>
<msg timestamp="20250308 12:33:57.881" level="INFO">${selected_rows} = None</msg>
<status status="PASS" starttime="20250308 12:33:57.868" endtime="20250308 12:33:57.881"/>
</kw>
<kw name="Log To Console" library="BuiltIn">
<arg>Selected rows: ${selected_rows}</arg>
<doc>Logs the given message to the console.</doc>
<status status="PASS" starttime="20250308 12:33:57.881" endtime="20250308 12:33:57.882"/>
</kw>
<kw name="Take Screenshot" library="SAP_Tcode_Library">
<arg>012_smicm_03_${counter}.jpg</arg>
<doc>Takes a screenshot, only if 'screenshots on error' has been enabled,
either at import of with keyword `enable screenshots on error`.</doc>
<msg timestamp="20250308 12:33:57.926" level="INFO" html="true">&lt;a href="012_smicm_03_5.jpg"&gt;&lt;img src="012_smicm_03_5.jpg" width="800px"&gt;&lt;/a&gt;</msg>
<status status="PASS" starttime="20250308 12:33:57.882" endtime="20250308 12:33:57.926"/>
</kw>
<kw name="Evaluate" library="BuiltIn">
<var>${counter}</var>
<arg>${counter} + 1</arg>
<doc>Evaluates the given expression in Python and returns the result.</doc>
<msg timestamp="20250308 12:33:57.927" level="INFO">${counter} = 6</msg>
<status status="PASS" starttime="20250308 12:33:57.927" endtime="20250308 12:33:57.927"/>
</kw>
<kw name="Sleep" library="BuiltIn">
<arg>1</arg>
<doc>Pauses the test executed for the given time.</doc>
<msg timestamp="20250308 12:33:58.928" level="INFO">Slept 1 second</msg>
<status status="PASS" starttime="20250308 12:33:57.927" endtime="20250308 12:33:58.928"/>
</kw>
<status status="PASS" starttime="20250308 12:33:57.867" endtime="20250308 12:33:58.928"/>
</iter>
<iter>
<var name="${i}">75</var>
<kw name="Log" library="BuiltIn">
<arg>Processing row ${i}</arg>
<doc>Logs the given message with the given level.</doc>
<msg timestamp="20250308 12:33:58.929" level="INFO">Processing row 75</msg>
<status status="PASS" starttime="20250308 12:33:58.928" endtime="20250308 12:33:58.929"/>
</kw>
<kw name="Selected Rows" library="SAP_Tcode_Library">
<var>${selected_rows}</var>
<arg>${TREE_PATH}</arg>
<arg>${i}</arg>
<msg timestamp="20250308 12:33:58.942" level="INFO">${selected_rows} = None</msg>
<status status="PASS" starttime="20250308 12:33:58.929" endtime="20250308 12:33:58.942"/>
</kw>
<kw name="Log To Console" library="BuiltIn">
<arg>Selected rows: ${selected_rows}</arg>
<doc>Logs the given message to the console.</doc>
<status status="PASS" starttime="20250308 12:33:58.942" endtime="20250308 12:33:58.943"/>
</kw>
<kw name="Take Screenshot" library="SAP_Tcode_Library">
<arg>012_smicm_03_${counter}.jpg</arg>
<doc>Takes a screenshot, only if 'screenshots on error' has been enabled,
either at import of with keyword `enable screenshots on error`.</doc>
<msg timestamp="20250308 12:33:59.002" level="INFO" html="true">&lt;a href="012_smicm_03_6.jpg"&gt;&lt;img src="012_smicm_03_6.jpg" width="800px"&gt;&lt;/a&gt;</msg>
<status status="PASS" starttime="20250308 12:33:58.943" endtime="20250308 12:33:59.002"/>
</kw>
<kw name="Evaluate" library="BuiltIn">
<var>${counter}</var>
<arg>${counter} + 1</arg>
<doc>Evaluates the given expression in Python and returns the result.</doc>
<msg timestamp="20250308 12:33:59.003" level="INFO">${counter} = 7</msg>
<status status="PASS" starttime="20250308 12:33:59.003" endtime="20250308 12:33:59.003"/>
</kw>
<kw name="Sleep" library="BuiltIn">
<arg>1</arg>
<doc>Pauses the test executed for the given time.</doc>
<msg timestamp="20250308 12:34:00.004" level="INFO">Slept 1 second</msg>
<status status="PASS" starttime="20250308 12:33:59.003" endtime="20250308 12:34:00.004"/>
</kw>
<status status="PASS" starttime="20250308 12:33:58.928" endtime="20250308 12:34:00.004"/>
</iter>
<iter>
<var name="${i}">90</var>
<kw name="Log" library="BuiltIn">
<arg>Processing row ${i}</arg>
<doc>Logs the given message with the given level.</doc>
<msg timestamp="20250308 12:34:00.005" level="INFO">Processing row 90</msg>
<status status="PASS" starttime="20250308 12:34:00.005" endtime="20250308 12:34:00.005"/>
</kw>
<kw name="Selected Rows" library="SAP_Tcode_Library">
<var>${selected_rows}</var>
<arg>${TREE_PATH}</arg>
<arg>${i}</arg>
<msg timestamp="20250308 12:34:00.020" level="INFO">${selected_rows} = None</msg>
<status status="PASS" starttime="20250308 12:34:00.005" endtime="20250308 12:34:00.020"/>
</kw>
<kw name="Log To Console" library="BuiltIn">
<arg>Selected rows: ${selected_rows}</arg>
<doc>Logs the given message to the console.</doc>
<status status="PASS" starttime="20250308 12:34:00.020" endtime="20250308 12:34:00.020"/>
</kw>
<kw name="Take Screenshot" library="SAP_Tcode_Library">
<arg>012_smicm_03_${counter}.jpg</arg>
<doc>Takes a screenshot, only if 'screenshots on error' has been enabled,
either at import of with keyword `enable screenshots on error`.</doc>
<msg timestamp="20250308 12:34:00.061" level="INFO" html="true">&lt;a href="012_smicm_03_7.jpg"&gt;&lt;img src="012_smicm_03_7.jpg" width="800px"&gt;&lt;/a&gt;</msg>
<status status="PASS" starttime="20250308 12:34:00.021" endtime="20250308 12:34:00.061"/>
</kw>
<kw name="Evaluate" library="BuiltIn">
<var>${counter}</var>
<arg>${counter} + 1</arg>
<doc>Evaluates the given expression in Python and returns the result.</doc>
<msg timestamp="20250308 12:34:00.062" level="INFO">${counter} = 8</msg>
<status status="PASS" starttime="20250308 12:34:00.062" endtime="20250308 12:34:00.062"/>
</kw>
<kw name="Sleep" library="BuiltIn">
<arg>1</arg>
<doc>Pauses the test executed for the given time.</doc>
<msg timestamp="20250308 12:34:01.063" level="INFO">Slept 1 second</msg>
<status status="PASS" starttime="20250308 12:34:00.062" endtime="20250308 12:34:01.063"/>
</kw>
<status status="PASS" starttime="20250308 12:34:00.004" endtime="20250308 12:34:01.063"/>
</iter>
<iter>
<var name="${i}">105</var>
<kw name="Log" library="BuiltIn">
<arg>Processing row ${i}</arg>
<doc>Logs the given message with the given level.</doc>
<msg timestamp="20250308 12:34:01.064" level="INFO">Processing row 105</msg>
<status status="PASS" starttime="20250308 12:34:01.064" endtime="20250308 12:34:01.064"/>
</kw>
<kw name="Selected Rows" library="SAP_Tcode_Library">
<var>${selected_rows}</var>
<arg>${TREE_PATH}</arg>
<arg>${i}</arg>
<msg timestamp="20250308 12:34:01.419" level="INFO">${selected_rows} = None</msg>
<status status="PASS" starttime="20250308 12:34:01.064" endtime="20250308 12:34:01.419"/>
</kw>
<kw name="Log To Console" library="BuiltIn">
<arg>Selected rows: ${selected_rows}</arg>
<doc>Logs the given message to the console.</doc>
<status status="PASS" starttime="20250308 12:34:01.419" endtime="20250308 12:34:01.419"/>
</kw>
<kw name="Take Screenshot" library="SAP_Tcode_Library">
<arg>012_smicm_03_${counter}.jpg</arg>
<doc>Takes a screenshot, only if 'screenshots on error' has been enabled,
either at import of with keyword `enable screenshots on error`.</doc>
<msg timestamp="20250308 12:34:01.487" level="INFO" html="true">&lt;a href="012_smicm_03_8.jpg"&gt;&lt;img src="012_smicm_03_8.jpg" width="800px"&gt;&lt;/a&gt;</msg>
<status status="PASS" starttime="20250308 12:34:01.420" endtime="20250308 12:34:01.487"/>
</kw>
<kw name="Evaluate" library="BuiltIn">
<var>${counter}</var>
<arg>${counter} + 1</arg>
<doc>Evaluates the given expression in Python and returns the result.</doc>
<msg timestamp="20250308 12:34:01.488" level="INFO">${counter} = 9</msg>
<status status="PASS" starttime="20250308 12:34:01.488" endtime="20250308 12:34:01.488"/>
</kw>
<kw name="Sleep" library="BuiltIn">
<arg>1</arg>
<doc>Pauses the test executed for the given time.</doc>
<msg timestamp="20250308 12:34:02.489" level="INFO">Slept 1 second</msg>
<status status="PASS" starttime="20250308 12:34:01.488" endtime="20250308 12:34:02.489"/>
</kw>
<status status="PASS" starttime="20250308 12:34:01.063" endtime="20250308 12:34:02.489"/>
</iter>
<iter>
<var name="${i}">120</var>
<kw name="Log" library="BuiltIn">
<arg>Processing row ${i}</arg>
<doc>Logs the given message with the given level.</doc>
<msg timestamp="20250308 12:34:02.490" level="INFO">Processing row 120</msg>
<status status="PASS" starttime="20250308 12:34:02.490" endtime="20250308 12:34:02.490"/>
</kw>
<kw name="Selected Rows" library="SAP_Tcode_Library">
<var>${selected_rows}</var>
<arg>${TREE_PATH}</arg>
<arg>${i}</arg>
<msg timestamp="20250308 12:34:02.504" level="INFO">${selected_rows} = None</msg>
<status status="PASS" starttime="20250308 12:34:02.490" endtime="20250308 12:34:02.504"/>
</kw>
<kw name="Log To Console" library="BuiltIn">
<arg>Selected rows: ${selected_rows}</arg>
<doc>Logs the given message to the console.</doc>
<status status="PASS" starttime="20250308 12:34:02.505" endtime="20250308 12:34:02.505"/>
</kw>
<kw name="Take Screenshot" library="SAP_Tcode_Library">
<arg>012_smicm_03_${counter}.jpg</arg>
<doc>Takes a screenshot, only if 'screenshots on error' has been enabled,
either at import of with keyword `enable screenshots on error`.</doc>
<msg timestamp="20250308 12:34:02.576" level="INFO" html="true">&lt;a href="012_smicm_03_9.jpg"&gt;&lt;img src="012_smicm_03_9.jpg" width="800px"&gt;&lt;/a&gt;</msg>
<status status="PASS" starttime="20250308 12:34:02.505" endtime="20250308 12:34:02.577"/>
</kw>
<kw name="Evaluate" library="BuiltIn">
<var>${counter}</var>
<arg>${counter} + 1</arg>
<doc>Evaluates the given expression in Python and returns the result.</doc>
<msg timestamp="20250308 12:34:02.577" level="INFO">${counter} = 10</msg>
<status status="PASS" starttime="20250308 12:34:02.577" endtime="20250308 12:34:02.577"/>
</kw>
<kw name="Sleep" library="BuiltIn">
<arg>1</arg>
<doc>Pauses the test executed for the given time.</doc>
<msg timestamp="20250308 12:34:03.578" level="INFO">Slept 1 second</msg>
<status status="PASS" starttime="20250308 12:34:02.578" endtime="20250308 12:34:03.578"/>
</kw>
<status status="PASS" starttime="20250308 12:34:02.489" endtime="20250308 12:34:03.579"/>
</iter>
<iter>
<var name="${i}">135</var>
<kw name="Log" library="BuiltIn">
<arg>Processing row ${i}</arg>
<doc>Logs the given message with the given level.</doc>
<msg timestamp="20250308 12:34:03.579" level="INFO">Processing row 135</msg>
<status status="PASS" starttime="20250308 12:34:03.579" endtime="20250308 12:34:03.579"/>
</kw>
<kw name="Selected Rows" library="SAP_Tcode_Library">
<var>${selected_rows}</var>
<arg>${TREE_PATH}</arg>
<arg>${i}</arg>
<msg timestamp="20250308 12:34:03.593" level="INFO">${selected_rows} = None</msg>
<status status="PASS" starttime="20250308 12:34:03.580" endtime="20250308 12:34:03.593"/>
</kw>
<kw name="Log To Console" library="BuiltIn">
<arg>Selected rows: ${selected_rows}</arg>
<doc>Logs the given message to the console.</doc>
<status status="PASS" starttime="20250308 12:34:03.594" endtime="20250308 12:34:03.594"/>
</kw>
<kw name="Take Screenshot" library="SAP_Tcode_Library">
<arg>012_smicm_03_${counter}.jpg</arg>
<doc>Takes a screenshot, only if 'screenshots on error' has been enabled,
either at import of with keyword `enable screenshots on error`.</doc>
<msg timestamp="20250308 12:34:03.653" level="INFO" html="true">&lt;a href="012_smicm_03_10.jpg"&gt;&lt;img src="012_smicm_03_10.jpg" width="800px"&gt;&lt;/a&gt;</msg>
<status status="PASS" starttime="20250308 12:34:03.594" endtime="20250308 12:34:03.653"/>
</kw>
<kw name="Evaluate" library="BuiltIn">
<var>${counter}</var>
<arg>${counter} + 1</arg>
<doc>Evaluates the given expression in Python and returns the result.</doc>
<msg timestamp="20250308 12:34:03.654" level="INFO">${counter} = 11</msg>
<status status="PASS" starttime="20250308 12:34:03.653" endtime="20250308 12:34:03.654"/>
</kw>
<kw name="Sleep" library="BuiltIn">
<arg>1</arg>
<doc>Pauses the test executed for the given time.</doc>
<msg timestamp="20250308 12:34:04.654" level="INFO">Slept 1 second</msg>
<status status="PASS" starttime="20250308 12:34:03.654" endtime="20250308 12:34:04.655"/>
</kw>
<status status="PASS" starttime="20250308 12:34:03.579" endtime="20250308 12:34:04.655"/>
</iter>
<iter>
<var name="${i}">150</var>
<kw name="Log" library="BuiltIn">
<arg>Processing row ${i}</arg>
<doc>Logs the given message with the given level.</doc>
<msg timestamp="20250308 12:34:04.656" level="INFO">Processing row 150</msg>
<status status="PASS" starttime="20250308 12:34:04.655" endtime="20250308 12:34:04.656"/>
</kw>
<kw name="Selected Rows" library="SAP_Tcode_Library">
<var>${selected_rows}</var>
<arg>${TREE_PATH}</arg>
<arg>${i}</arg>
<msg timestamp="20250308 12:34:04.669" level="INFO">${selected_rows} = None</msg>
<status status="PASS" starttime="20250308 12:34:04.656" endtime="20250308 12:34:04.669"/>
</kw>
<kw name="Log To Console" library="BuiltIn">
<arg>Selected rows: ${selected_rows}</arg>
<doc>Logs the given message to the console.</doc>
<status status="PASS" starttime="20250308 12:34:04.669" endtime="20250308 12:34:04.669"/>
</kw>
<kw name="Take Screenshot" library="SAP_Tcode_Library">
<arg>012_smicm_03_${counter}.jpg</arg>
<doc>Takes a screenshot, only if 'screenshots on error' has been enabled,
either at import of with keyword `enable screenshots on error`.</doc>
<msg timestamp="20250308 12:34:04.729" level="INFO" html="true">&lt;a href="012_smicm_03_11.jpg"&gt;&lt;img src="012_smicm_03_11.jpg" width="800px"&gt;&lt;/a&gt;</msg>
<status status="PASS" starttime="20250308 12:34:04.670" endtime="20250308 12:34:04.729"/>
</kw>
<kw name="Evaluate" library="BuiltIn">
<var>${counter}</var>
<arg>${counter} + 1</arg>
<doc>Evaluates the given expression in Python and returns the result.</doc>
<msg timestamp="20250308 12:34:04.730" level="INFO">${counter} = 12</msg>
<status status="PASS" starttime="20250308 12:34:04.730" endtime="20250308 12:34:04.730"/>
</kw>
<kw name="Sleep" library="BuiltIn">
<arg>1</arg>
<doc>Pauses the test executed for the given time.</doc>
<msg timestamp="20250308 12:34:05.731" level="INFO">Slept 1 second</msg>
<status status="PASS" starttime="20250308 12:34:04.730" endtime="20250308 12:34:05.731"/>
</kw>
<status status="PASS" starttime="20250308 12:34:04.655" endtime="20250308 12:34:05.731"/>
</iter>
<iter>
<var name="${i}">165</var>
<kw name="Log" library="BuiltIn">
<arg>Processing row ${i}</arg>
<doc>Logs the given message with the given level.</doc>
<msg timestamp="20250308 12:34:05.732" level="INFO">Processing row 165</msg>
<status status="PASS" starttime="20250308 12:34:05.732" endtime="20250308 12:34:05.732"/>
</kw>
<kw name="Selected Rows" library="SAP_Tcode_Library">
<var>${selected_rows}</var>
<arg>${TREE_PATH}</arg>
<arg>${i}</arg>
<msg timestamp="20250308 12:34:05.745" level="INFO">${selected_rows} = None</msg>
<status status="PASS" starttime="20250308 12:34:05.732" endtime="20250308 12:34:05.745"/>
</kw>
<kw name="Log To Console" library="BuiltIn">
<arg>Selected rows: ${selected_rows}</arg>
<doc>Logs the given message to the console.</doc>
<status status="PASS" starttime="20250308 12:34:05.746" endtime="20250308 12:34:05.746"/>
</kw>
<kw name="Take Screenshot" library="SAP_Tcode_Library">
<arg>012_smicm_03_${counter}.jpg</arg>
<doc>Takes a screenshot, only if 'screenshots on error' has been enabled,
either at import of with keyword `enable screenshots on error`.</doc>
<msg timestamp="20250308 12:34:05.802" level="INFO" html="true">&lt;a href="012_smicm_03_12.jpg"&gt;&lt;img src="012_smicm_03_12.jpg" width="800px"&gt;&lt;/a&gt;</msg>
<status status="PASS" starttime="20250308 12:34:05.746" endtime="20250308 12:34:05.802"/>
</kw>
<kw name="Evaluate" library="BuiltIn">
<var>${counter}</var>
<arg>${counter} + 1</arg>
<doc>Evaluates the given expression in Python and returns the result.</doc>
<msg timestamp="20250308 12:34:05.803" level="INFO">${counter} = 13</msg>
<status status="PASS" starttime="20250308 12:34:05.803" endtime="20250308 12:34:05.803"/>
</kw>
<kw name="Sleep" library="BuiltIn">
<arg>1</arg>
<doc>Pauses the test executed for the given time.</doc>
<msg timestamp="20250308 12:34:06.804" level="INFO">Slept 1 second</msg>
<status status="PASS" starttime="20250308 12:34:05.803" endtime="20250308 12:34:06.804"/>
</kw>
<status status="PASS" starttime="20250308 12:34:05.731" endtime="20250308 12:34:06.804"/>
</iter>
<iter>
<var name="${i}">180</var>
<kw name="Log" library="BuiltIn">
<arg>Processing row ${i}</arg>
<doc>Logs the given message with the given level.</doc>
<msg timestamp="20250308 12:34:06.806" level="INFO">Processing row 180</msg>
<status status="PASS" starttime="20250308 12:34:06.805" endtime="20250308 12:34:06.806"/>
</kw>
<kw name="Selected Rows" library="SAP_Tcode_Library">
<var>${selected_rows}</var>
<arg>${TREE_PATH}</arg>
<arg>${i}</arg>
<msg timestamp="20250308 12:34:06.818" level="INFO">${selected_rows} = None</msg>
<status status="PASS" starttime="20250308 12:34:06.806" endtime="20250308 12:34:06.818"/>
</kw>
<kw name="Log To Console" library="BuiltIn">
<arg>Selected rows: ${selected_rows}</arg>
<doc>Logs the given message to the console.</doc>
<status status="PASS" starttime="20250308 12:34:06.819" endtime="20250308 12:34:06.819"/>
</kw>
<kw name="Take Screenshot" library="SAP_Tcode_Library">
<arg>012_smicm_03_${counter}.jpg</arg>
<doc>Takes a screenshot, only if 'screenshots on error' has been enabled,
either at import of with keyword `enable screenshots on error`.</doc>
<msg timestamp="20250308 12:34:06.889" level="INFO" html="true">&lt;a href="012_smicm_03_13.jpg"&gt;&lt;img src="012_smicm_03_13.jpg" width="800px"&gt;&lt;/a&gt;</msg>
<status status="PASS" starttime="20250308 12:34:06.819" endtime="20250308 12:34:06.889"/>
</kw>
<kw name="Evaluate" library="BuiltIn">
<var>${counter}</var>
<arg>${counter} + 1</arg>
<doc>Evaluates the given expression in Python and returns the result.</doc>
<msg timestamp="20250308 12:34:06.890" level="INFO">${counter} = 14</msg>
<status status="PASS" starttime="20250308 12:34:06.889" endtime="20250308 12:34:06.890"/>
</kw>
<kw name="Sleep" library="BuiltIn">
<arg>1</arg>
<doc>Pauses the test executed for the given time.</doc>
<msg timestamp="20250308 12:34:07.891" level="INFO">Slept 1 second</msg>
<status status="PASS" starttime="20250308 12:34:06.890" endtime="20250308 12:34:07.891"/>
</kw>
<status status="PASS" starttime="20250308 12:34:06.805" endtime="20250308 12:34:07.891"/>
</iter>
<status status="PASS" starttime="20250308 12:33:53.577" endtime="20250308 12:34:07.891"/>
</for>
<kw name="Sleep" library="BuiltIn">
<arg>1</arg>
<doc>Pauses the test executed for the given time.</doc>
<msg timestamp="20250308 12:34:08.892" level="INFO">Slept 1 second</msg>
<status status="PASS" starttime="20250308 12:34:07.891" endtime="20250308 12:34:08.892"/>
</kw>
<kw name="Click Element" library="SAP_Tcode_Library">
<arg>wnd[2]/tbar[0]/btn[0]</arg>
<doc>Performs a single click on a given element. Used only for buttons, tabs and menu items.</doc>
<status status="PASS" starttime="20250308 12:34:08.892" endtime="20250308 12:34:09.364"/>
</kw>
<kw name="Sleep" library="BuiltIn">
<arg>1</arg>
<doc>Pauses the test executed for the given time.</doc>
<msg timestamp="20250308 12:34:10.365" level="INFO">Slept 1 second</msg>
<status status="PASS" starttime="20250308 12:34:09.365" endtime="20250308 12:34:10.365"/>
</kw>
<kw name="Click Element" library="SAP_Tcode_Library">
<arg>wnd[1]/tbar[0]/btn[17]</arg>
<doc>Performs a single click on a given element. Used only for buttons, tabs and menu items.</doc>
<status status="PASS" starttime="20250308 12:34:10.366" endtime="20250308 12:34:10.563"/>
</kw>
<kw name="Sleep" library="BuiltIn">
<arg>2</arg>
<doc>Pauses the test executed for the given time.</doc>
<msg timestamp="20250308 12:34:12.564" level="INFO">Slept 2 seconds</msg>
<status status="PASS" starttime="20250308 12:34:10.563" endtime="20250308 12:34:12.564"/>
</kw>
<kw name="Take Screenshot" library="SAP_Tcode_Library">
<arg>012_smicm_04.jpg</arg>
<doc>Takes a screenshot, only if 'screenshots on error' has been enabled,
either at import of with keyword `enable screenshots on error`.</doc>
<msg timestamp="20250308 12:34:12.625" level="INFO" html="true">&lt;a href="012_smicm_04.jpg"&gt;&lt;img src="012_smicm_04.jpg" width="800px"&gt;&lt;/a&gt;</msg>
<status status="PASS" starttime="20250308 12:34:12.564" endtime="20250308 12:34:12.625"/>
</kw>
<kw name="Sleep" library="BuiltIn">
<arg>1</arg>
<doc>Pauses the test executed for the given time.</doc>
<msg timestamp="20250308 12:34:13.626" level="INFO">Slept 1 second</msg>
<status status="PASS" starttime="20250308 12:34:12.626" endtime="20250308 12:34:13.626"/>
</kw>
<kw name="Click Element" library="SAP_Tcode_Library">
<arg>wnd[2]/tbar[0]/btn[0]</arg>
<doc>Performs a single click on a given element. Used only for buttons, tabs and menu items.</doc>
<status status="PASS" starttime="20250308 12:34:13.627" endtime="20250308 12:34:14.048"/>
</kw>
<kw name="Sleep" library="BuiltIn">
<arg>2</arg>
<doc>Pauses the test executed for the given time.</doc>
<msg timestamp="20250308 12:34:16.049" level="INFO">Slept 2 seconds</msg>
<status status="PASS" starttime="20250308 12:34:14.049" endtime="20250308 12:34:16.050"/>
</kw>
<kw name="Click Element" library="SAP_Tcode_Library">
<arg>wnd[1]/tbar[0]/btn[0]</arg>
<doc>Performs a single click on a given element. Used only for buttons, tabs and menu items.</doc>
<status status="PASS" starttime="20250308 12:34:16.050" endtime="20250308 12:34:16.133"/>
</kw>
<kw name="Sleep" library="BuiltIn">
<arg>2</arg>
<doc>Pauses the test executed for the given time.</doc>
<msg timestamp="20250308 12:34:18.134" level="INFO">Slept 2 seconds</msg>
<status status="PASS" starttime="20250308 12:34:16.133" endtime="20250308 12:34:18.135"/>
</kw>
<kw name="Run Transaction" library="SAP_Tcode_Library">
<arg>/nsmicm</arg>
<doc>Runs a Sap transaction. An error is given when an unknown transaction is specified.</doc>
<status status="PASS" starttime="20250308 12:34:18.135" endtime="20250308 12:34:18.342"/>
</kw>
<kw name="Sleep" library="BuiltIn">
<arg>1</arg>
<doc>Pauses the test executed for the given time.</doc>
<msg timestamp="20250308 12:34:19.343" level="INFO">Slept 1 second</msg>
<status status="PASS" starttime="20250308 12:34:18.342" endtime="20250308 12:34:19.343"/>
</kw>
<kw name="Take Screenshot" library="SAP_Tcode_Library">
<arg>012_smicm_05.jpg</arg>
<doc>Takes a screenshot, only if 'screenshots on error' has been enabled,
either at import of with keyword `enable screenshots on error`.</doc>
<msg timestamp="20250308 12:34:19.387" level="INFO" html="true">&lt;a href="012_smicm_05.jpg"&gt;&lt;img src="012_smicm_05.jpg" width="800px"&gt;&lt;/a&gt;</msg>
<status status="PASS" starttime="20250308 12:34:19.344" endtime="20250308 12:34:19.387"/>
</kw>
<kw name="Sleep" library="BuiltIn">
<arg>1</arg>
<doc>Pauses the test executed for the given time.</doc>
<msg timestamp="20250308 12:34:20.388" level="INFO">Slept 1 second</msg>
<status status="PASS" starttime="20250308 12:34:19.387" endtime="20250308 12:34:20.388"/>
</kw>
<kw name="Click Element" library="SAP_Tcode_Library">
<arg>wnd[0]/tbar[1]/btn[13]</arg>
<doc>Performs a single click on a given element. Used only for buttons, tabs and menu items.</doc>
<status status="PASS" starttime="20250308 12:34:20.388" endtime="20250308 12:34:20.501"/>
</kw>
<kw name="Sleep" library="BuiltIn">
<arg>1</arg>
<doc>Pauses the test executed for the given time.</doc>
<msg timestamp="20250308 12:34:21.503" level="INFO">Slept 1 second</msg>
<status status="PASS" starttime="20250308 12:34:20.502" endtime="20250308 12:34:21.503"/>
</kw>
<kw name="Take Screenshot" library="SAP_Tcode_Library">
<arg>012_smicm_06.jpg</arg>
<doc>Takes a screenshot, only if 'screenshots on error' has been enabled,
either at import of with keyword `enable screenshots on error`.</doc>
<msg timestamp="20250308 12:34:21.547" level="INFO" html="true">&lt;a href="012_smicm_06.jpg"&gt;&lt;img src="012_smicm_06.jpg" width="800px"&gt;&lt;/a&gt;</msg>
<status status="PASS" starttime="20250308 12:34:21.503" endtime="20250308 12:34:21.547"/>
</kw>
<kw name="Sleep" library="BuiltIn">
<arg>1</arg>
<doc>Pauses the test executed for the given time.</doc>
<msg timestamp="20250308 12:34:22.548" level="INFO">Slept 1 second</msg>
<status status="PASS" starttime="20250308 12:34:21.548" endtime="20250308 12:34:22.548"/>
</kw>
<kw name="Copy Images" library="Merger">
<arg>${OUTPUT_DIR}</arg>
<arg>${symvar('PVH_Target_Dir')}</arg>
<msg timestamp="20250308 12:34:22.550" level="INFO">Sym.Dev.PVH_Target_Dir: C:\tmp\PVH\Pre\</msg>
<msg timestamp="20250308 12:34:22.835" level="INFO">Copied: 012_smicm_01.jpg
Copied: 012_smicm_02.jpg
Copied: 012_smicm_03_1.jpg
Copied: 012_smicm_03_10.jpg
Copied: 012_smicm_03_11.jpg
Copied: 012_smicm_03_12.jpg
Copied: 012_smicm_03_13.jpg
Copied: 012_smicm_03_2.jpg
Copied: 012_smicm_03_3.jpg
Copied: 012_smicm_03_4.jpg
Copied: 012_smicm_03_5.jpg
Copied: 012_smicm_03_6.jpg
Copied: 012_smicm_03_7.jpg
Copied: 012_smicm_03_8.jpg
Copied: 012_smicm_03_9.jpg
Copied: 012_smicm_04.jpg
Copied: 012_smicm_05.jpg
Copied: 012_smicm_06.jpg
Skipped: Output.xml - Not a valid image file or format not supported. Error: cannot identify image file 'C:\\Replay\\PVH\\Output\\c4389aee-e48d-471e-bbee-d708ebd1aff6\\pabot_results\\0\\Output.xml'
Skipped: robot_stderr.out - Not a valid image file or format not supported. Error: cannot identify image file 'C:\\Replay\\PVH\\Output\\c4389aee-e48d-471e-bbee-d708ebd1aff6\\pabot_results\\0\\robot_stderr.out'
Skipped: robot_stdout.out - Not a valid image file or format not supported. Error: cannot identify image file 'C:\\Replay\\PVH\\Output\\c4389aee-e48d-471e-bbee-d708ebd1aff6\\pabot_results\\0\\robot_stdout.out'</msg>
<status status="PASS" starttime="20250308 12:34:22.549" endtime="20250308 12:34:22.836"/>
</kw>
<status status="PASS" starttime="20250308 12:33:48.548" endtime="20250308 12:34:22.836"/>
</kw>
<tag>pvh-smicm</tag>
<tag>Regression</tag>
<status status="PASS" starttime="20250308 12:33:48.547" endtime="20250308 12:34:22.836"/>
</test>
<kw name="System Logout" library="PVH-smicm" type="TEARDOWN">
<kw name="Run Transaction" library="SAP_Tcode_Library">
<arg>/nex</arg>
<doc>Runs a Sap transaction. An error is given when an unknown transaction is specified.</doc>
<status status="PASS" starttime="20250308 12:34:22.838" endtime="20250308 12:34:22.870"/>
</kw>
<kw name="Sleep" library="BuiltIn">
<arg>5</arg>
<doc>Pauses the test executed for the given time.</doc>
<msg timestamp="20250308 12:34:27.871" level="INFO">Slept 5 seconds</msg>
<status status="PASS" starttime="20250308 12:34:22.870" endtime="20250308 12:34:27.871"/>
</kw>
<status status="PASS" starttime="20250308 12:34:22.837" endtime="20250308 12:34:27.871"/>
</kw>
<status status="PASS" starttime="20250308 12:33:29.287" endtime="20250308 12:34:27.871"/>
</suite>
<doc>Testing functionality through Robot Framework</doc>
<meta name="environment">Dev</meta>
<meta name="test_browser_name">chrome</meta>
<meta name="test_browser_version">134.0.6998.36</meta>
<meta name="test_driver_version">134.0.6998.35 </meta>
<meta name="test_environment">Dev</meta>
<meta name="test_freeze_dependencies">astroid==3.3.8,attrs==25.1.0,beautifulsoup4==4.13.3,bs4==0.0.2,certifi==2025.1.31,cffi==1.17.1,chardet==5.2.0,charset-normalizer==3.4.1,click==8.1.8,colorama==0.4.6,cryptography==44.0.2,defusedxml==0.7.1,dill==0.3.9,docutils==0.21.2,et_xmlfile==2.0.0,exceptiongroup==1.2.2,fpdf==1.7.2,gitdb==4.0.12,GitPython==3.1.44,h11==0.14.0,idna==3.10,isort==6.0.1,Jinja2==3.1.5,jira==3.8.0,jsonpath-ng==1.7.0,jsonschema==4.23.0,jsonschema-specifications==2024.10.1,lazy-object-proxy==1.10.0,lxml==5.3.1,markdown-it-py==3.0.0,MarkupSafe==3.0.2,mccabe==0.7.0,mdurl==0.1.2,natsort==8.4.0,oauthlib==3.2.2,openpyxl==3.1.5,outcome==1.3.0.post0,packaging==24.2,pathspec==0.11.2,pillow==11.1.0,pip==25.0.1,platformdirs==4.3.6,ply==3.11,pycparser==2.22,Pygments==2.19.1,pylint==3.3.4,PySocks==1.7.1,pywin32==308,PyYAML==6.0.2,referencing==0.36.2,requests==2.32.3,requests-oauthlib==2.0.0,requests-toolbelt==1.0.0,rich==13.9.4,rich-click==1.6.1,robotframework==6.0.2,robotframework-datadriver==1.9.0,robotframework-excellib==2.0.1,robotframework-jsonlibrary==0.5,robotframework-pabot==2.16.0,robotframework-pythonlibcore==4.2.0,robotframework-requests==0.9.2,robotframework-sapguilibrary==1.1,robotframework-seleniumlibrary==5.1.3,robotframework-stacktrace==0.4.1,robotframework-tidy==4.5.0,rpds-py==0.23.1,selenium==4.9.1,setuptools==75.8.2,smmap==5.0.2,sniffio==1.3.1,sortedcontainers==2.4.0,soupsieve==2.6,tomli==2.0.2,tomlkit==0.13.2,trio==0.29.0,trio-websocket==0.12.2,typing_extensions==4.12.2,urllib3==2.3.0,wheel==0.45.1,wrapt==1.17.2,wsproto==1.2.0</meta>
<status status="PASS" starttime="20250308 12:33:24.778" endtime="20250308 12:34:27.920"/>
</suite>
<statistics>
<total>
<stat pass="1" fail="0" skip="0">All Tests</stat>
</total>
<tag>
<stat pass="1" fail="0" skip="0">pvh-smicm</stat>
<stat pass="1" fail="0" skip="0">Regression</stat>
</tag>
<suite>
<stat pass="1" fail="0" skip="0" id="s1" name="Tests">Tests</stat>
<stat pass="1" fail="0" skip="0" id="s1-s1" name="Test PVH-smicm">Tests.Test PVH-smicm</stat>
</suite>
</statistics>
<errors>
</errors>
</robot>
