==============================================================================
Tests :: Testing functionality through Robot Framework                        
==============================================================================
Tests.Test PVH-st06                                                           
==============================================================================
  
  Traceback (most recent call last):
    ~~~~~~~~~~~~~~~~~~~~~~~~~~~~~~~~~~~~~~~~~~~~~~~~~~~~~~~~~~~~~~~~~~~~~~~~~~
    File  C:\Replay\PVH\Tests\Test_PVH-st06.robot:3
      System Logon    
    ~~~~~~~~~~~~~~~~~~~~~~~~~~~~~~~~~~~~~~~~~~~~~~~~~~~~~~~~~~~~~~~~~~~~~~~~~~
    File  C:\Replay\PVH\Tests\Resource\PVH-st06.robot:12
      Open Connection    ${symvar('PVH_connection')}
      |  ${symvar('PVH_connection')} = PFD (str)
______________________________________________________________________________
PVH-st06                                                              | FAIL |
Parent suite setup failed:
ValueError: Cannot open connection 'PFD', please check connection name.
------------------------------------------------------------------------------
  
  Traceback (most recent call last):
    ~~~~~~~~~~~~~~~~~~~~~~~~~~~~~~~~~~~~~~~~~~~~~~~~~~~~~~~~~~~~~~~~~~~~~~~~~~
    File  C:\Replay\PVH\Tests\Test_PVH-st06.robot:4
      System Logout    
    ~~~~~~~~~~~~~~~~~~~~~~~~~~~~~~~~~~~~~~~~~~~~~~~~~~~~~~~~~~~~~~~~~~~~~~~~~~
    File  C:\Replay\PVH\Tests\Resource\PVH-st06.robot:22
      Run Transaction    /nex
______________________________________________________________________________
Tests.Test PVH-st06                                                   | FAIL |
Suite setup failed:
ValueError: Cannot open connection 'PFD', please check connection name.

Also suite teardown failed:
AttributeError: 'int' object has no attribute 'findById'

1 test, 0 passed, 1 failed
==============================================================================
Tests :: Testing functionality through Robot Framework                | FAIL |
1 test, 0 passed, 1 failed
==============================================================================
Output:  C:\Replay\PVH\Output\08aedb4c-9bd8-498d-97bb-69a43e1c91eb\pabot_results\0\Output.xml
