==============================================================================
Tests :: Testing functionality through Robot Framework                        
==============================================================================
  
  Traceback (most recent call last):
    ~~~~~~~~~~~~~~~~~~~~~~~~~~~~~~~~~~~~~~~~~~~~~~~~~~~~~~~~~~~~~~~~~~~~~~~~~~
    File  C:\Replay\PVH\Tests\__init__.robot:3
      Setup highest level suite    
    ~~~~~~~~~~~~~~~~~~~~~~~~~~~~~~~~~~~~~~~~~~~~~~~~~~~~~~~~~~~~~~~~~~~~~~~~~~
    File  C:\Replay\PVH\Tests\__init__.robot:12
      Setup linux execution    
    ~~~~~~~~~~~~~~~~~~~~~~~~~~~~~~~~~~~~~~~~~~~~~~~~~~~~~~~~~~~~~~~~~~~~~~~~~~
    File  C:\Replay\PVH\Tests\Support.robot:63
      Run Keyword If    ${web_test_check}    Setup Docker Execution Options
      |  ${web_test_check} = <Unable to define variable value>
    ~~~~~~~~~~~~~~~~~~~~~~~~~~~~~~~~~~~~~~~~~~~~~~~~~~~~~~~~~~~~~~~~~~~~~~~~~~
    File  None:0
      Setup Docker Execution Options    
    ~~~~~~~~~~~~~~~~~~~~~~~~~~~~~~~~~~~~~~~~~~~~~~~~~~~~~~~~~~~~~~~~~~~~~~~~~~
    File  C:\Replay\PVH\Tests\Web\Support_Web.robot:32
      Setup Suite Metadata    ${browser}
      |  ${browser} = chrome (str)
    ~~~~~~~~~~~~~~~~~~~~~~~~~~~~~~~~~~~~~~~~~~~~~~~~~~~~~~~~~~~~~~~~~~~~~~~~~~
    File  C:\Replay\PVH\Tests\Web\Support_Web.robot:26
      Get Browser Metadata    browser=${browser}
      |  browser=${browser} = browser=chrome (str)
______________________________________________________________________________
Tests.Sample :: Sample Tests                                                  
==============================================================================
Tests.Sample.AAAA-125 Calculator app tests :: Tests Calculator app function...
==============================================================================
Addition is tested successfully :: Test to check Addition on calcu... | FAIL |
Parent suite setup failed:
SessionNotCreatedException: Message: session not created: This version of ChromeDriver only supports Chrome version 121
Current browser version is 133.0.6943.142 with binary path C:\Users\symphonylocal\AppData\Local\Google\Chrome\Application\chrome.exe
Stacktrace:
	GetHandleVerifier [0x00007FF60C7E5E42+3538674]
	(No symbol) [0x00007FF60C404C02]
	(No symbol) [0x00007FF60C2B5AEB]
	(No symbol) [0x00007FF60C2EC512]
	(No symbol) [0x00007FF60C2EB872]
	(No symbol) [0x00007FF60C2E5106]
	(No symbol) [0x00007FF60C2E21C8]
	(No symbol) [0x00007FF60C3294B9]
	(No symbol) [0x00007FF60C31EE53]
	(No symbol) [0x00007FF60C2EF514]
	(No symbol) [0x00007FF60C2F0631]
	GetHandleVerifier [0x00007FF60C816CAD+3738973]
	GetHandleVerifier [0x00007FF60C86C506+4089270]
	GetHandleVerifier [0x00007FF60C864823+4057299]
	GetHandleVerifier [0x00007FF60C535C49+720121]
	(No symbol) [0x00007FF60C41126F]
	(No symbol) [0x00007FF60C40C304]
	(No symbol) [0x00007FF60C40C432]
	(No symbol) [0x00007FF60C3FBD04]
	BaseThreadInitThunk [0x00007FF891497AC4+20]
	RtlUserThreadStart [0x00007FF8918CA8C1+33]
------------------------------------------------------------------------------
Subtraction is tested successfully :: Test to check if subraction ... | FAIL |
Parent suite setup failed:
SessionNotCreatedException: Message: session not created: This version of ChromeDriver only supports Chrome version 121
Current browser version is 133.0.6943.142 with binary path C:\Users\symphonylocal\AppData\Local\Google\Chrome\Application\chrome.exe
Stacktrace:
	GetHandleVerifier [0x00007FF60C7E5E42+3538674]
	(No symbol) [0x00007FF60C404C02]
	(No symbol) [0x00007FF60C2B5AEB]
	(No symbol) [0x00007FF60C2EC512]
	(No symbol) [0x00007FF60C2EB872]
	(No symbol) [0x00007FF60C2E5106]
	(No symbol) [0x00007FF60C2E21C8]
	(No symbol) [0x00007FF60C3294B9]
	(No symbol) [0x00007FF60C31EE53]
	(No symbol) [0x00007FF60C2EF514]
	(No symbol) [0x00007FF60C2F0631]
	GetHandleVerifier [0x00007FF60C816CAD+3738973]
	GetHandleVerifier [0x00007FF60C86C506+4089270]
	GetHandleVerifier [0x00007FF60C864823+4057299]
	GetHandleVerifier [0x00007FF60C535C49+720121]
	(No symbol) [0x00007FF60C41126F]
	(No symbol) [0x00007FF60C40C304]
	(No symbol) [0x00007FF60C40C432]
	(No symbol) [0x00007FF60C3FBD04]
	BaseThreadInitThunk [0x00007FF891497AC4+20]
	RtlUserThreadStart [0x00007FF8918CA8C1+33]
------------------------------------------------------------------------------
Multiplication is tested successfully :: Test to check if multipli... | FAIL |
Parent suite setup failed:
SessionNotCreatedException: Message: session not created: This version of ChromeDriver only supports Chrome version 121
Current browser version is 133.0.6943.142 with binary path C:\Users\symphonylocal\AppData\Local\Google\Chrome\Application\chrome.exe
Stacktrace:
	GetHandleVerifier [0x00007FF60C7E5E42+3538674]
	(No symbol) [0x00007FF60C404C02]
	(No symbol) [0x00007FF60C2B5AEB]
	(No symbol) [0x00007FF60C2EC512]
	(No symbol) [0x00007FF60C2EB872]
	(No symbol) [0x00007FF60C2E5106]
	(No symbol) [0x00007FF60C2E21C8]
	(No symbol) [0x00007FF60C3294B9]
	(No symbol) [0x00007FF60C31EE53]
	(No symbol) [0x00007FF60C2EF514]
	(No symbol) [0x00007FF60C2F0631]
	GetHandleVerifier [0x00007FF60C816CAD+3738973]
	GetHandleVerifier [0x00007FF60C86C506+4089270]
	GetHandleVerifier [0x00007FF60C864823+4057299]
	GetHandleVerifier [0x00007FF60C535C49+720121]
	(No symbol) [0x00007FF60C41126F]
	(No symbol) [0x00007FF60C40C304]
	(No symbol) [0x00007FF60C40C432]
	(No symbol) [0x00007FF60C3FBD04]
	BaseThreadInitThunk [0x00007FF891497AC4+20]
	RtlUserThreadStart [0x00007FF8918CA8C1+33]
------------------------------------------------------------------------------
Division is tested successfully :: Test to check if division of tw... | FAIL |
Parent suite setup failed:
SessionNotCreatedException: Message: session not created: This version of ChromeDriver only supports Chrome version 121
Current browser version is 133.0.6943.142 with binary path C:\Users\symphonylocal\AppData\Local\Google\Chrome\Application\chrome.exe
Stacktrace:
	GetHandleVerifier [0x00007FF60C7E5E42+3538674]
	(No symbol) [0x00007FF60C404C02]
	(No symbol) [0x00007FF60C2B5AEB]
	(No symbol) [0x00007FF60C2EC512]
	(No symbol) [0x00007FF60C2EB872]
	(No symbol) [0x00007FF60C2E5106]
	(No symbol) [0x00007FF60C2E21C8]
	(No symbol) [0x00007FF60C3294B9]
	(No symbol) [0x00007FF60C31EE53]
	(No symbol) [0x00007FF60C2EF514]
	(No symbol) [0x00007FF60C2F0631]
	GetHandleVerifier [0x00007FF60C816CAD+3738973]
	GetHandleVerifier [0x00007FF60C86C506+4089270]
	GetHandleVerifier [0x00007FF60C864823+4057299]
	GetHandleVerifier [0x00007FF60C535C49+720121]
	(No symbol) [0x00007FF60C41126F]
	(No symbol) [0x00007FF60C40C304]
	(No symbol) [0x00007FF60C40C432]
	(No symbol) [0x00007FF60C3FBD04]
	BaseThreadInitThunk [0x00007FF891497AC4+20]
	RtlUserThreadStart [0x00007FF8918CA8C1+33]
------------------------------------------------------------------------------
Division by Zero :: Test to check if division of a number by zero ... | FAIL |
Parent suite setup failed:
SessionNotCreatedException: Message: session not created: This version of ChromeDriver only supports Chrome version 121
Current browser version is 133.0.6943.142 with binary path C:\Users\symphonylocal\AppData\Local\Google\Chrome\Application\chrome.exe
Stacktrace:
	GetHandleVerifier [0x00007FF60C7E5E42+3538674]
	(No symbol) [0x00007FF60C404C02]
	(No symbol) [0x00007FF60C2B5AEB]
	(No symbol) [0x00007FF60C2EC512]
	(No symbol) [0x00007FF60C2EB872]
	(No symbol) [0x00007FF60C2E5106]
	(No symbol) [0x00007FF60C2E21C8]
	(No symbol) [0x00007FF60C3294B9]
	(No symbol) [0x00007FF60C31EE53]
	(No symbol) [0x00007FF60C2EF514]
	(No symbol) [0x00007FF60C2F0631]
	GetHandleVerifier [0x00007FF60C816CAD+3738973]
	GetHandleVerifier [0x00007FF60C86C506+4089270]
	GetHandleVerifier [0x00007FF60C864823+4057299]
	GetHandleVerifier [0x00007FF60C535C49+720121]
	(No symbol) [0x00007FF60C41126F]
	(No symbol) [0x00007FF60C40C304]
	(No symbol) [0x00007FF60C40C432]
	(No symbol) [0x00007FF60C3FBD04]
	BaseThreadInitThunk [0x00007FF891497AC4+20]
	RtlUserThreadStart [0x00007FF8918CA8C1+33]
------------------------------------------------------------------------------
Multiplication of float numbers :: Test to check if multiplication... | FAIL |
Parent suite setup failed:
SessionNotCreatedException: Message: session not created: This version of ChromeDriver only supports Chrome version 121
Current browser version is 133.0.6943.142 with binary path C:\Users\symphonylocal\AppData\Local\Google\Chrome\Application\chrome.exe
Stacktrace:
	GetHandleVerifier [0x00007FF60C7E5E42+3538674]
	(No symbol) [0x00007FF60C404C02]
	(No symbol) [0x00007FF60C2B5AEB]
	(No symbol) [0x00007FF60C2EC512]
	(No symbol) [0x00007FF60C2EB872]
	(No symbol) [0x00007FF60C2E5106]
	(No symbol) [0x00007FF60C2E21C8]
	(No symbol) [0x00007FF60C3294B9]
	(No symbol) [0x00007FF60C31EE53]
	(No symbol) [0x00007FF60C2EF514]
	(No symbol) [0x00007FF60C2F0631]
	GetHandleVerifier [0x00007FF60C816CAD+3738973]
	GetHandleVerifier [0x00007FF60C86C506+4089270]
	GetHandleVerifier [0x00007FF60C864823+4057299]
	GetHandleVerifier [0x00007FF60C535C49+720121]
	(No symbol) [0x00007FF60C41126F]
	(No symbol) [0x00007FF60C40C304]
	(No symbol) [0x00007FF60C40C432]
	(No symbol) [0x00007FF60C3FBD04]
	BaseThreadInitThunk [0x00007FF891497AC4+20]
	RtlUserThreadStart [0x00007FF8918CA8C1+33]
------------------------------------------------------------------------------
Clear of state :: Test to check if clear of state is possible         | FAIL |
Parent suite setup failed:
SessionNotCreatedException: Message: session not created: This version of ChromeDriver only supports Chrome version 121
Current browser version is 133.0.6943.142 with binary path C:\Users\symphonylocal\AppData\Local\Google\Chrome\Application\chrome.exe
Stacktrace:
	GetHandleVerifier [0x00007FF60C7E5E42+3538674]
	(No symbol) [0x00007FF60C404C02]
	(No symbol) [0x00007FF60C2B5AEB]
	(No symbol) [0x00007FF60C2EC512]
	(No symbol) [0x00007FF60C2EB872]
	(No symbol) [0x00007FF60C2E5106]
	(No symbol) [0x00007FF60C2E21C8]
	(No symbol) [0x00007FF60C3294B9]
	(No symbol) [0x00007FF60C31EE53]
	(No symbol) [0x00007FF60C2EF514]
	(No symbol) [0x00007FF60C2F0631]
	GetHandleVerifier [0x00007FF60C816CAD+3738973]
	GetHandleVerifier [0x00007FF60C86C506+4089270]
	GetHandleVerifier [0x00007FF60C864823+4057299]
	GetHandleVerifier [0x00007FF60C535C49+720121]
	(No symbol) [0x00007FF60C41126F]
	(No symbol) [0x00007FF60C40C304]
	(No symbol) [0x00007FF60C40C432]
	(No symbol) [0x00007FF60C3FBD04]
	BaseThreadInitThunk [0x00007FF891497AC4+20]
	RtlUserThreadStart [0x00007FF8918CA8C1+33]
------------------------------------------------------------------------------
Negation of number sign :: Test to check if negation of number is ... | FAIL |
Parent suite setup failed:
SessionNotCreatedException: Message: session not created: This version of ChromeDriver only supports Chrome version 121
Current browser version is 133.0.6943.142 with binary path C:\Users\symphonylocal\AppData\Local\Google\Chrome\Application\chrome.exe
Stacktrace:
	GetHandleVerifier [0x00007FF60C7E5E42+3538674]
	(No symbol) [0x00007FF60C404C02]
	(No symbol) [0x00007FF60C2B5AEB]
	(No symbol) [0x00007FF60C2EC512]
	(No symbol) [0x00007FF60C2EB872]
	(No symbol) [0x00007FF60C2E5106]
	(No symbol) [0x00007FF60C2E21C8]
	(No symbol) [0x00007FF60C3294B9]
	(No symbol) [0x00007FF60C31EE53]
	(No symbol) [0x00007FF60C2EF514]
	(No symbol) [0x00007FF60C2F0631]
	GetHandleVerifier [0x00007FF60C816CAD+3738973]
	GetHandleVerifier [0x00007FF60C86C506+4089270]
	GetHandleVerifier [0x00007FF60C864823+4057299]
	GetHandleVerifier [0x00007FF60C535C49+720121]
	(No symbol) [0x00007FF60C41126F]
	(No symbol) [0x00007FF60C40C304]
	(No symbol) [0x00007FF60C40C432]
	(No symbol) [0x00007FF60C3FBD04]
	BaseThreadInitThunk [0x00007FF891497AC4+20]
	RtlUserThreadStart [0x00007FF8918CA8C1+33]
------------------------------------------------------------------------------
Large number addition :: Test to check addition of large number is... | FAIL |
Parent suite setup failed:
SessionNotCreatedException: Message: session not created: This version of ChromeDriver only supports Chrome version 121
Current browser version is 133.0.6943.142 with binary path C:\Users\symphonylocal\AppData\Local\Google\Chrome\Application\chrome.exe
Stacktrace:
	GetHandleVerifier [0x00007FF60C7E5E42+3538674]
	(No symbol) [0x00007FF60C404C02]
	(No symbol) [0x00007FF60C2B5AEB]
	(No symbol) [0x00007FF60C2EC512]
	(No symbol) [0x00007FF60C2EB872]
	(No symbol) [0x00007FF60C2E5106]
	(No symbol) [0x00007FF60C2E21C8]
	(No symbol) [0x00007FF60C3294B9]
	(No symbol) [0x00007FF60C31EE53]
	(No symbol) [0x00007FF60C2EF514]
	(No symbol) [0x00007FF60C2F0631]
	GetHandleVerifier [0x00007FF60C816CAD+3738973]
	GetHandleVerifier [0x00007FF60C86C506+4089270]
	GetHandleVerifier [0x00007FF60C864823+4057299]
	GetHandleVerifier [0x00007FF60C535C49+720121]
	(No symbol) [0x00007FF60C41126F]
	(No symbol) [0x00007FF60C40C304]
	(No symbol) [0x00007FF60C40C432]
	(No symbol) [0x00007FF60C3FBD04]
	BaseThreadInitThunk [0x00007FF891497AC4+20]
	RtlUserThreadStart [0x00007FF8918CA8C1+33]
------------------------------------------------------------------------------
Large number multiplication :: Test to check multiplication of lar... | FAIL |
Parent suite setup failed:
SessionNotCreatedException: Message: session not created: This version of ChromeDriver only supports Chrome version 121
Current browser version is 133.0.6943.142 with binary path C:\Users\symphonylocal\AppData\Local\Google\Chrome\Application\chrome.exe
Stacktrace:
	GetHandleVerifier [0x00007FF60C7E5E42+3538674]
	(No symbol) [0x00007FF60C404C02]
	(No symbol) [0x00007FF60C2B5AEB]
	(No symbol) [0x00007FF60C2EC512]
	(No symbol) [0x00007FF60C2EB872]
	(No symbol) [0x00007FF60C2E5106]
	(No symbol) [0x00007FF60C2E21C8]
	(No symbol) [0x00007FF60C3294B9]
	(No symbol) [0x00007FF60C31EE53]
	(No symbol) [0x00007FF60C2EF514]
	(No symbol) [0x00007FF60C2F0631]
	GetHandleVerifier [0x00007FF60C816CAD+3738973]
	GetHandleVerifier [0x00007FF60C86C506+4089270]
	GetHandleVerifier [0x00007FF60C864823+4057299]
	GetHandleVerifier [0x00007FF60C535C49+720121]
	(No symbol) [0x00007FF60C41126F]
	(No symbol) [0x00007FF60C40C304]
	(No symbol) [0x00007FF60C40C432]
	(No symbol) [0x00007FF60C3FBD04]
	BaseThreadInitThunk [0x00007FF891497AC4+20]
	RtlUserThreadStart [0x00007FF8918CA8C1+33]
------------------------------------------------------------------------------
{"GOC": "Pharma", "project_name": "Robot Framework", "test_management_tool": "Xray", "jira_project_code": "AAAA", "qtest_project_code": "000", "start_time": "2025-03-05T15:09:48.472Z", "end_time": "2025-03-05T15:09:48.486Z", "duration": "14", "framework": "Robot", "framework_version": "1.0/6.0.2", "remote": "OFF", "language_version": "3.13.2", "testing_platform": "Windows", "testing_platform_version": "10.0.17763", "scenarios": {"total": 10, "passed": 0, "failed": 10, "broken": 0, "skipped": 0, "pending": 0, "knownIssue": 0}, "steps": {"total": 31, "passed": 21, "failed": 10, "broken": 0, "skipped": 0, "pending": 0, "knownIssue": 0}, "stories": {"total": 1, "passed": 0, "failed": 1, "broken": 0, "skipped": 0, "pending": 0, "knownIssue": 0}, "plugins": [], "env": "Dev"}
530
b'<!DOCTYPE html>\n<!--[if lt IE 7]> <html class="no-js ie6 oldie" lang="en-US"> <![endif]-->\n<!--[if IE 7]>    <html class="no-js ie7 oldie" lang="en-US"> <![endif]-->\n<!--[if IE 8]>    <html class="no-js ie8 oldie" lang="en-US"> <![endif]-->\n<!--[if gt IE 8]><!--> <html class="no-js" lang="en-US"> <!--<![endif]-->\n<head>\n<title>Origin DNS error | logging-bridge.eat.jnj.com | Cloudflare</title>\n<meta charset="UTF-8" />\n<meta http-equiv="Content-Type" content="text/html; charset=UTF-8" />\n<meta http-equiv="X-UA-Compatible" content="IE=Edge" />\n<meta name="robots" content="noindex, nofollow" />\n<meta name="viewport" content="width=device-width,initial-scale=1" />\n<link rel="stylesheet" id="cf_styles-css" href="/cdn-cgi/styles/main.css" />\n\n\n<script>\n(function(){if(document.addEventListener&&window.XMLHttpRequest&&JSON&&JSON.stringify){var e=function(a){var c=document.getElementById("error-feedback-survey"),d=document.getElementById("error-feedback-success"),b=new XMLHttpRequest;a={event:"feedback clicked",properties:{errorCode:1016,helpful:a,version:1}};b.open("POST","https://sparrow.cloudflare.com/api/v1/event");b.setRequestHeader("Content-Type","application/json");b.setRequestHeader("Sparrow-Source-Key","c771f0e4b54944bebf4261d44bd79a1e");\nb.send(JSON.stringify(a));c.classList.add("feedback-hidden");d.classList.remove("feedback-hidden")};document.addEventListener("DOMContentLoaded",function(){var a=document.getElementById("error-feedback"),c=document.getElementById("feedback-button-yes"),d=document.getElementById("feedback-button-no");"classList"in a&&(a.classList.remove("feedback-hidden"),c.addEventListener("click",function(){e(!0)}),d.addEventListener("click",function(){e(!1)}))})}})();\n</script>\n\n<script defer src="https://performance.radar.cloudflare.com/beacon.js"></script>\n</head>\n<body>\n  <div id="cf-wrapper">\n    <div class="cf-alert cf-alert-error cf-cookie-error hidden" id="cookie-alert" data-translate="enable_cookies">Please enable cookies.</div>\n    <div id="cf-error-details" class="p-0">\n      <header class="mx-auto pt-10 lg:pt-6 lg:px-8 w-240 lg:w-full mb-15 antialiased">\n         <h1 class="inline-block md:block mr-2 md:mb-2 font-light text-60 md:text-3xl text-black-dark leading-tight">\n           <span data-translate="error">Error</span>\n           <span>1016</span>\n         </h1>\n         <span class="inline-block md:block heading-ray-id font-mono text-15 lg:text-sm lg:leading-relaxed">Ray ID: 91ba31837ad323e3 &bull;</span>\n         <span class="inline-block md:block heading-ray-id font-mono text-15 lg:text-sm lg:leading-relaxed">2025-03-05 14:09:50 UTC</span>\n        <h2 class="text-gray-600 leading-1.3 text-3xl lg:text-2xl font-light">Origin DNS error</h2>\n      </header>\n\n      <section class="w-240 lg:w-full mx-auto mb-8 lg:px-8">\n          <div id="what-happened-section" class="w-1/2 md:w-full">\n            <h2 class="text-3xl leading-tight font-normal mb-4 text-black-dark antialiased" data-translate="what_happened">What happened?</h2>\n            <p>You\'ve requested a page on a website (logging-bridge.eat.jnj.com) that is on the <a href="https://www.cloudflare.com/5xx-error-landing/" target="_blank">Cloudflare</a> network. Cloudflare is currently unable to resolve your requested domain (logging-bridge.eat.jnj.com).\n            \n          </div>\n\n          \n          <div id="resolution-copy-section" class="w-1/2 mt-6 text-15 leading-normal">\n            <h2 class="text-3xl leading-tight font-normal mb-4 text-black-dark antialiased" data-translate="what_can_i_do">What can I do?</h2>\n            <p><strong>If you are a visitor of this website:</strong><br />Please try again in a few minutes.</p><p><strong>If you are the owner of this website:</strong><br />Check your DNS settings. If you are using a CNAME origin record, make sure it is valid and resolvable. <a rel="noopener noreferrer" href="https://support.cloudflare.com/hc/en-us/articles/234979888-Error-1016-Origin-DNS-error">Additional troubleshooting information here.</a></p>\n          </div>\n          \n      </section>\n\n      <div class="feedback-hidden py-8 text-center" id="error-feedback">\n    <div id="error-feedback-survey" class="footer-line-wrapper">\n        Was this page helpful?\n        <button class="border border-solid bg-white cf-button cursor-pointer ml-4 px-4 py-2 rounded" id="feedback-button-yes" type="button">Yes</button>\n        <button class="border border-solid bg-white cf-button cursor-pointer ml-4 px-4 py-2 rounded" id="feedback-button-no" type="button">No</button>\n    </div>\n    <div class="feedback-success feedback-hidden" id="error-feedback-success">\n        Thank you for your feedback!\n    </div>\n</div>\n\n\n      <div class="cf-error-footer cf-wrapper w-240 lg:w-full py-10 sm:py-4 sm:px-8 mx-auto text-center sm:text-left border-solid border-0 border-t border-gray-300">\n  <p class="text-13">\n    <span class="cf-footer-item sm:block sm:mb-1">Cloudflare Ray ID: <strong class="font-semibold">91ba31837ad323e3</strong></span>\n    <span class="cf-footer-separator sm:hidden">&bull;</span>\n    <span id="cf-footer-item-ip" class="cf-footer-item hidden sm:block sm:mb-1">\n      Your IP:\n      <button type="button" id="cf-footer-ip-reveal" class="cf-footer-ip-reveal-btn">Click to reveal</button>\n      <span class="hidden" id="cf-footer-ip">185.19.103.6</span>\n      <span class="cf-footer-separator sm:hidden">&bull;</span>\n    </span>\n    <span class="cf-footer-item sm:block sm:mb-1"><span>Performance &amp; security by</span> <a rel="noopener noreferrer" href="https://www.cloudflare.com/5xx-error-landing" id="brand_link" target="_blank">Cloudflare</a></span>\n    \n  </p>\n  <script>(function(){function d(){var b=a.getElementById("cf-footer-item-ip"),c=a.getElementById("cf-footer-ip-reveal");b&&"classList"in b&&(b.classList.remove("hidden"),c.addEventListener("click",function(){c.classList.add("hidden");a.getElementById("cf-footer-ip").classList.remove("hidden")}))}var a=document;document.addEventListener&&a.addEventListener("DOMContentLoaded",d)})();</script>\n</div><!-- /.error-footer -->\n\n\n    </div><!-- /#cf-error-details -->\n  </div><!-- /#cf-wrapper -->\n\n  <script>\n  window._cf_translation = {};\n  \n  \n</script>\n\n</body>\n</html>\n'
Tests.Sample.AAAA-125 Calculator app tests :: Tests Calculator app... | FAIL |
Parent suite setup failed:
SessionNotCreatedException: Message: session not created: This version of ChromeDriver only supports Chrome version 121
Current browser version is 133.0.6943.142 with binary path C:\Users\symphonylocal\AppData\Local\Google\Chrome\Application\chrome.exe
Stacktrace:
	GetHandleVerifier [0x00007FF60C7E5E42+3538674]
	(No symbol) [0x00007FF60C404C02]
	(No symbol) [0x00007FF60C2B5AEB]
	(No symbol) [0x00007FF60C2EC512]
	(No symbol) [0x00007FF60C2EB872]
	(No symbol) [0x00007FF60C2E5106]
	(No symbol) [0x00007FF60C2E21C8]
	(No symbol) [0x00007FF60C3294B9]
	(No symbol) [0x00007FF60C31EE53]
	(No symbol) [0x00007FF60C2EF514]
	(No symbol) [0x00007FF60C2F0631]
	GetHandleVerifier [0x00007FF60C816CAD+3738973]
	GetHandleVerifier [0x00007FF60C86C506+4089270]
	GetHandleVerifier [0x00007FF60C864823+4057299]
	GetHandleVerifier [0x00007FF60C535C49+720121]
	(No symbol) [0x00007FF60C41126F]
	(No symbol) [0x00007FF60C40C304]
	(No symbol) [0x00007FF60C40C432]
	(No symbol) [0x00007FF60C3FBD04]
	BaseThreadInitThunk [0x00007FF891497AC4+20]
	RtlUserThreadStart [0x00007FF8918CA8C1+33]


10 tests, 0 passed, 10 failed
==============================================================================
Tests.Sample :: Sample Tests                                          | FAIL |
Parent suite setup failed:
SessionNotCreatedException: Message: session not created: This version of ChromeDriver only supports Chrome version 121
Current browser version is 133.0.6943.142 with binary path C:\Users\symphonylocal\AppData\Local\Google\Chrome\Application\chrome.exe
Stacktrace:
	GetHandleVerifier [0x00007FF60C7E5E42+3538674]
	(No symbol) [0x00007FF60C404C02]
	(No symbol) [0x00007FF60C2B5AEB]
	(No symbol) [0x00007FF60C2EC512]
	(No symbol) [0x00007FF60C2EB872]
	(No symbol) [0x00007FF60C2E5106]
	(No symbol) [0x00007FF60C2E21C8]
	(No symbol) [0x00007FF60C3294B9]
	(No symbol) [0x00007FF60C31EE53]
	(No symbol) [0x00007FF60C2EF514]
	(No symbol) [0x00007FF60C2F0631]
	GetHandleVerifier [0x00007FF60C816CAD+3738973]
	GetHandleVerifier [0x00007FF60C86C506+4089270]
	GetHandleVerifier [0x00007FF60C864823+4057299]
	GetHandleVerifier [0x00007FF60C535C49+720121]
	(No symbol) [0x00007FF60C41126F]
	(No symbol) [0x00007FF60C40C304]
	(No symbol) [0x00007FF60C40C432]
	(No symbol) [0x00007FF60C3FBD04]
	BaseThreadInitThunk [0x00007FF891497AC4+20]
	RtlUserThreadStart [0x00007FF8918CA8C1+33]


10 tests, 0 passed, 10 failed
==============================================================================
Tests :: Testing functionality through Robot Framework                | FAIL |
Suite setup failed:
SessionNotCreatedException: Message: session not created: This version of ChromeDriver only supports Chrome version 121
Current browser version is 133.0.6943.142 with binary path C:\Users\symphonylocal\AppData\Local\Google\Chrome\Application\chrome.exe
Stacktrace:
	GetHandleVerifier [0x00007FF60C7E5E42+3538674]
	(No symbol) [0x00007FF60C404C02]
	(No symbol) [0x00007FF60C2B5AEB]
	(No symbol) [0x00007FF60C2EC512]
	(No symbol) [0x00007FF60C2EB872]
	(No symbol) [0x00007FF60C2E5106]
	(No symbol) [0x00007FF60C2E21C8]
	(No symbol) [0x00007FF60C3294B9]
	(No symbol) [0x00007FF60C31EE53]
	(No symbol) [0x00007FF60C2EF514]
	(No symbol) [0x00007FF60C2F0631]
	GetHandleVerifier [0x00007FF60C816CAD+3738973]
	GetHandleVerifier [0x00007FF60C86C506+4089270]
	GetHandleVerifier [0x00007FF60C864823+4057299]
	GetHandleVerifier [0x00007FF60C535C49+720121]
	(No symbol) [0x00007FF60C41126F]
	(No symbol) [0x00007FF60C40C304]
	(No symbol) [0x00007FF60C40C432]
	(No symbol) [0x00007FF60C3FBD04]
	BaseThreadInitThunk [0x00007FF891497AC4+20]
	RtlUserThreadStart [0x00007FF8918CA8C1+33]


10 tests, 0 passed, 10 failed
==============================================================================
Output:  C:\Replay\PVH\Output\pabot_results\2\Output.xml
