<?xml version="1.0" encoding="UTF-8"?>
<robot generator="Robot 6.0.2 (Python 3.13.2 on win32)" generated="20250328 07:34:40.916" rpa="false" schemaversion="3">
<suite id="s1" name="Tests" source="C:\Replay\PVH\Tests">
<kw name="Setup highest level suite" type="SETUP">
<kw name="Set Variable" library="BuiltIn">
<var>${d.test_server}</var>
<arg>${test_server}</arg>
<doc>Returns the given values which can then be assigned to a variables.</doc>
<msg timestamp="20250328 07:34:42.119" level="INFO">${d.test_server} = Dev</msg>
<status status="PASS" starttime="20250328 07:34:42.119" endtime="20250328 07:34:42.119"/>
</kw>
<kw name="Reset screenshot count variable" library="Support">
<kw name="Set Variable" library="BuiltIn">
<var>${screenshotCount}</var>
<arg>${PABOTQUEUEINDEX}_1</arg>
<doc>Returns the given values which can then be assigned to a variables.</doc>
<msg timestamp="20250328 07:34:42.120" level="INFO">${screenshotCount} = 0_1</msg>
<status status="PASS" starttime="20250328 07:34:42.120" endtime="20250328 07:34:42.120"/>
</kw>
<kw name="Set Global Variable" library="BuiltIn">
<arg>${screenshotCount}</arg>
<doc>Makes a variable available globally in all tests and suites.</doc>
<msg timestamp="20250328 07:34:42.120" level="INFO">${screenshotCount} = 0_1</msg>
<status status="PASS" starttime="20250328 07:34:42.120" endtime="20250328 07:34:42.121"/>
</kw>
<kw name="Set up screenshot directory" library="Support">
<kw name="Create Directory" library="OperatingSystem">
<arg>${OUTPUTDIR}${/}${wvar('screenshot_dir')}</arg>
<doc>Creates the specified directory.</doc>
<msg timestamp="20250328 07:34:42.122" level="INFO">Web.Dev.screenshot_dir: Screenshot</msg>
<msg timestamp="20250328 07:34:42.123" level="INFO" html="true">Created directory '&lt;a href="file://C:\Replay\PVH\Output\c5ec03ab-3b96-4512-b04f-919477af32ef\pabot_results\0\Screenshot"&gt;C:\Replay\PVH\Output\c5ec03ab-3b96-4512-b04f-919477af32ef\pabot_results\0\Screenshot&lt;/a&gt;'.</msg>
<status status="PASS" starttime="20250328 07:34:42.121" endtime="20250328 07:34:42.123"/>
</kw>
<status status="PASS" starttime="20250328 07:34:42.121" endtime="20250328 07:34:42.123"/>
</kw>
<status status="PASS" starttime="20250328 07:34:42.119" endtime="20250328 07:34:42.123"/>
</kw>
<kw name="Set Global Variable" library="BuiltIn">
<arg>${screenshot_taking}</arg>
<arg>${True}</arg>
<doc>Makes a variable available globally in all tests and suites.</doc>
<msg timestamp="20250328 07:34:42.124" level="INFO">${screenshot_taking} = True</msg>
<status status="PASS" starttime="20250328 07:34:42.123" endtime="20250328 07:34:42.124"/>
</kw>
<kw name="Setup linux execution" library="Support">
<kw name="Run Keyword And Return Status" library="BuiltIn">
<var>${web_test_check}</var>
<arg>Variable Should Exist</arg>
<arg>${web_test}</arg>
<doc>Runs the given keyword with given arguments and returns the status as a Boolean value.</doc>
<kw name="Variable Should Exist" library="BuiltIn">
<arg>${web_test}</arg>
<doc>Fails unless the given variable exists within the current scope.</doc>
<status status="PASS" starttime="20250328 07:34:42.125" endtime="20250328 07:34:42.125"/>
</kw>
<msg timestamp="20250328 07:34:42.125" level="INFO">${web_test_check} = True</msg>
<status status="PASS" starttime="20250328 07:34:42.124" endtime="20250328 07:34:42.125"/>
</kw>
<kw name="Run Keyword If" library="BuiltIn">
<arg>${web_test_check}</arg>
<arg>Setup Docker Execution Options</arg>
<doc>Runs the given keyword with the given arguments, if ``condition`` is true.</doc>
<kw name="Setup Docker Execution Options" library="Support_Web">
<kw name="Setup Suite Metadata" library="Support_Web">
<arg>${browser}</arg>
<kw name="Get Browser Metadata" library="BrowserSupport">
<var>&amp;{browser_information}</var>
<arg>browser=${browser}</arg>
<doc>Fetches browser metadata information
:param browser: Name of the browser for which information is fetched
:param reload: Re-read the metadata based on the browser
:return: Browser metadata information, dict of format
            {"browser_version": browser version value,
             "driver_version": driver version value}</doc>
<msg timestamp="20250328 07:34:46.065" level="INFO">&amp;{browser_information} = { browser_version=134.0.6998.36 | driver_version=134.0.6998.35  }</msg>
<status status="PASS" starttime="20250328 07:34:42.126" endtime="20250328 07:34:46.065"/>
</kw>
<kw name="Set Suite Metadata" library="BuiltIn">
<arg>test_browser_name</arg>
<arg>${browser}</arg>
<doc>Sets metadata for the current test suite.</doc>
<msg timestamp="20250328 07:34:46.066" level="INFO">Set suite metadata 'test_browser_name' to value 'chrome'.</msg>
<status status="PASS" starttime="20250328 07:34:46.066" endtime="20250328 07:34:46.066"/>
</kw>
<kw name="Set Suite Metadata" library="BuiltIn">
<arg>test_browser_version</arg>
<arg>${browser_information.browser_version}</arg>
<doc>Sets metadata for the current test suite.</doc>
<msg timestamp="20250328 07:34:46.067" level="INFO">Set suite metadata 'test_browser_version' to value '134.0.6998.36'.</msg>
<status status="PASS" starttime="20250328 07:34:46.066" endtime="20250328 07:34:46.067"/>
</kw>
<kw name="Set Suite Metadata" library="BuiltIn">
<arg>test_driver_version</arg>
<arg>${browser_information.driver_version}</arg>
<doc>Sets metadata for the current test suite.</doc>
<msg timestamp="20250328 07:34:46.068" level="INFO">Set suite metadata 'test_driver_version' to value '134.0.6998.35 '.</msg>
<status status="PASS" starttime="20250328 07:34:46.067" endtime="20250328 07:34:46.068"/>
</kw>
<status status="PASS" starttime="20250328 07:34:42.126" endtime="20250328 07:34:46.068"/>
</kw>
<kw name="Setup Global Docker Execution Options" library="Support_Web">
<kw name="Set Global Variable" library="BuiltIn">
<arg>${global_browser_options}</arg>
<arg>None</arg>
<doc>Makes a variable available globally in all tests and suites.</doc>
<msg timestamp="20250328 07:34:46.070" level="INFO">${global_browser_options} = None</msg>
<status status="PASS" starttime="20250328 07:34:46.069" endtime="20250328 07:34:46.070"/>
</kw>
<kw name="Get Environment Variable" library="OperatingSystem">
<var>${docker_check}</var>
<arg>EXECUTION_ENVIRONMENT</arg>
<arg>not_found</arg>
<doc>Returns the value of an environment variable with the given name.</doc>
<msg timestamp="20250328 07:34:46.070" level="INFO">${docker_check} = not_found</msg>
<status status="PASS" starttime="20250328 07:34:46.070" endtime="20250328 07:34:46.070"/>
</kw>
<kw name="Run Keyword And Return If" library="BuiltIn">
<arg>"${docker_check}"!="docker"</arg>
<arg>Log</arg>
<arg>Not executing on Docker</arg>
<doc>Runs the specified keyword and returns from the enclosing user keyword.</doc>
<kw name="Log" library="BuiltIn">
<arg>Not executing on Docker</arg>
<doc>Logs the given message with the given level.</doc>
<msg timestamp="20250328 07:34:46.071" level="INFO">Not executing on Docker</msg>
<status status="PASS" starttime="20250328 07:34:46.071" endtime="20250328 07:34:46.071"/>
</kw>
<msg timestamp="20250328 07:34:46.071" level="INFO">Returning from the enclosing user keyword.</msg>
<status status="PASS" starttime="20250328 07:34:46.070" endtime="20250328 07:34:46.071"/>
</kw>
<kw name="Create List" library="BuiltIn">
<var>@{options}</var>
<arg>--headless</arg>
<arg>--no-sandbox</arg>
<arg>--disable-dev-shm-usage</arg>
<doc>Returns a list containing given items.</doc>
<status status="NOT RUN" starttime="20250328 07:34:46.071" endtime="20250328 07:34:46.072"/>
</kw>
<kw name="Set Global Variable" library="BuiltIn">
<arg>@{docker_options}</arg>
<arg>@{options}</arg>
<doc>Makes a variable available globally in all tests and suites.</doc>
<status status="NOT RUN" starttime="20250328 07:34:46.072" endtime="20250328 07:34:46.072"/>
</kw>
<status status="PASS" starttime="20250328 07:34:46.068" endtime="20250328 07:34:46.072"/>
</kw>
<kw name="Create Webdriver for chrome preferences" library="Support_Web">
<kw name="Update Docker Execution Options" library="Support_Web">
<var>${list_prefs}</var>
<arg>${list_prefs}</arg>
<kw name="Run Keyword And Return Status" library="BuiltIn">
<var>${docker_check}</var>
<arg>Variable Should Exist</arg>
<arg>${docker_options}</arg>
<doc>Runs the given keyword with given arguments and returns the status as a Boolean value.</doc>
<kw name="Variable Should Exist" library="BuiltIn">
<arg>${docker_options}</arg>
<doc>Fails unless the given variable exists within the current scope.</doc>
<msg timestamp="20250328 07:34:46.075" level="FAIL">Variable '${docker_options}' does not exist.</msg>
<status status="FAIL" starttime="20250328 07:34:46.074" endtime="20250328 07:34:46.076"/>
</kw>
<msg timestamp="20250328 07:34:46.076" level="INFO">${docker_check} = False</msg>
<status status="PASS" starttime="20250328 07:34:46.073" endtime="20250328 07:34:46.076"/>
</kw>
<kw name="Get Length" library="BuiltIn">
<var>${list_prefs_length}</var>
<arg>${list_prefs}</arg>
<doc>Returns and logs the length of the given item as an integer.</doc>
<msg timestamp="20250328 07:34:46.076" level="INFO">Length is 1</msg>
<msg timestamp="20250328 07:34:46.076" level="INFO">${list_prefs_length} = 1</msg>
<status status="PASS" starttime="20250328 07:34:46.076" endtime="20250328 07:34:46.076"/>
</kw>
<kw name="Run Keyword If" library="BuiltIn">
<var>${list_prefs}</var>
<arg>${docker_check} and ${list_prefs_length}&gt;0 and ${list_prefs}[0] != []</arg>
<arg>Combine Lists</arg>
<arg>${list_prefs}</arg>
<arg>${docker_options}</arg>
<arg>ELSE IF</arg>
<arg>${docker_check}</arg>
<arg>Set Variable</arg>
<arg>${docker_options}</arg>
<arg>ELSE</arg>
<arg>Set Variable</arg>
<arg>${list_prefs}</arg>
<doc>Runs the given keyword with the given arguments, if ``condition`` is true.</doc>
<kw name="Set Variable" library="BuiltIn">
<arg>${list_prefs}</arg>
<doc>Returns the given values which can then be assigned to a variables.</doc>
<status status="PASS" starttime="20250328 07:34:46.077" endtime="20250328 07:34:46.077"/>
</kw>
<msg timestamp="20250328 07:34:46.077" level="INFO">${list_prefs} = [[]]</msg>
<status status="PASS" starttime="20250328 07:34:46.076" endtime="20250328 07:34:46.077"/>
</kw>
<msg timestamp="20250328 07:34:46.077" level="INFO">${list_prefs} = [[]]</msg>
<status status="PASS" starttime="20250328 07:34:46.073" endtime="20250328 07:34:46.077"/>
</kw>
<kw name="Create Chrome Options for download preferences" library="Support_Web">
<var>${chrome_options}</var>
<kw name="Evaluate" library="BuiltIn">
<var>${chrome_options}</var>
<arg>sys.modules['selenium.webdriver'].ChromeOptions()</arg>
<arg>sys</arg>
<doc>Evaluates the given expression in Python and returns the result.</doc>
<msg timestamp="20250328 07:34:46.078" level="INFO">${chrome_options} = &lt;selenium.webdriver.chrome.options.Options object at 0x00000178E800CA50&gt;</msg>
<status status="PASS" starttime="20250328 07:34:46.078" endtime="20250328 07:34:46.078"/>
</kw>
<msg timestamp="20250328 07:34:46.078" level="INFO">${chrome_options} = &lt;selenium.webdriver.chrome.options.Options object at 0x00000178E800CA50&gt;</msg>
<status status="PASS" starttime="20250328 07:34:46.077" endtime="20250328 07:34:46.078"/>
</kw>
<kw name="Update Preferences List" library="Support_Web">
<arg>${chrome_options}</arg>
<arg>@{list_prefs}</arg>
<kw name="Convert To String" library="BuiltIn">
<var>${string_prefs}</var>
<arg>${list_prefs}</arg>
<doc>Converts the given item to a Unicode string.</doc>
<msg timestamp="20250328 07:34:46.079" level="INFO">${string_prefs} = [[]]</msg>
<status status="PASS" starttime="20250328 07:34:46.079" endtime="20250328 07:34:46.079"/>
</kw>
<kw name="Return From Keyword If" library="BuiltIn">
<arg>${string_prefs} == [[]]</arg>
<doc>Returns from the enclosing user keyword if ``condition`` is true.</doc>
<msg timestamp="20250328 07:34:46.080" level="INFO">Returning from the enclosing user keyword.</msg>
<status status="PASS" starttime="20250328 07:34:46.079" endtime="20250328 07:34:46.080"/>
</kw>
<for flavor="IN">
<var>${preference}</var>
<value>@{list_prefs}</value>
<iter>
<var name="${preference}"/>
<kw name="Call Method" library="BuiltIn">
<arg>${chrome_options}</arg>
<arg>add_argument</arg>
<arg>${preference}</arg>
<doc>Calls the named method of the given object with the provided arguments.</doc>
<status status="NOT RUN" starttime="20250328 07:34:46.080" endtime="20250328 07:34:46.080"/>
</kw>
<status status="NOT RUN" starttime="20250328 07:34:46.080" endtime="20250328 07:34:46.080"/>
</iter>
<status status="NOT RUN" starttime="20250328 07:34:46.080" endtime="20250328 07:34:46.080"/>
</for>
<status status="PASS" starttime="20250328 07:34:46.078" endtime="20250328 07:34:46.081"/>
</kw>
<kw name="Call Method" library="BuiltIn">
<arg>${chrome_options}</arg>
<arg>add_experimental_option</arg>
<arg>prefs</arg>
<arg>${kw_prefs}</arg>
<doc>Calls the named method of the given object with the provided arguments.</doc>
<status status="PASS" starttime="20250328 07:34:46.081" endtime="20250328 07:34:46.081"/>
</kw>
<kw name="Set Global Variable" library="BuiltIn">
<arg>${global_browser_options}</arg>
<arg>${chrome options}</arg>
<doc>Makes a variable available globally in all tests and suites.</doc>
<msg timestamp="20250328 07:34:46.081" level="INFO">${global_browser_options} = &lt;selenium.webdriver.chrome.options.Options object at 0x00000178E800CA50&gt;</msg>
<status status="PASS" starttime="20250328 07:34:46.081" endtime="20250328 07:34:46.081"/>
</kw>
<status status="PASS" starttime="20250328 07:34:46.072" endtime="20250328 07:34:46.082"/>
</kw>
<status status="PASS" starttime="20250328 07:34:42.125" endtime="20250328 07:34:46.082"/>
</kw>
<status status="PASS" starttime="20250328 07:34:42.125" endtime="20250328 07:34:46.082"/>
</kw>
<status status="PASS" starttime="20250328 07:34:42.124" endtime="20250328 07:34:46.082"/>
</kw>
<kw name="Set Suite Metadata" library="BuiltIn">
<arg>environment</arg>
<arg>${test_server}</arg>
<doc>Sets metadata for the current test suite.</doc>
<msg timestamp="20250328 07:34:46.082" level="INFO">Set suite metadata 'environment' to value 'Dev'.</msg>
<status status="PASS" starttime="20250328 07:34:46.082" endtime="20250328 07:34:46.082"/>
</kw>
<status status="PASS" starttime="20250328 07:34:42.118" endtime="20250328 07:34:46.083"/>
</kw>
<suite id="s1-s1" name="Test PVH-sm37" source="C:\Replay\PVH\Tests\Test_PVH-sm37.robot">
<kw name="System Logon" library="PVH-sm37" type="SETUP">
<kw name="Start Process" library="Process">
<arg>${symvar('SAP_SERVER')}</arg>
<doc>Starts a new process on background.</doc>
<msg timestamp="20250328 07:34:46.134" level="INFO">Sym.Dev.SAP_SERVER: C:\Program Files (x86)\SAP\FrontEnd\SAPGUI\saplogon.exe</msg>
<msg timestamp="20250328 07:34:46.134" level="INFO">Starting process:
"C:\Program Files (x86)\SAP\FrontEnd\SAPGUI\saplogon.exe"</msg>
<status status="PASS" starttime="20250328 07:34:46.133" endtime="20250328 07:34:46.143"/>
</kw>
<kw name="Sleep" library="BuiltIn">
<arg>10s</arg>
<doc>Pauses the test executed for the given time.</doc>
<msg timestamp="20250328 07:34:56.144" level="INFO">Slept 10 seconds</msg>
<status status="PASS" starttime="20250328 07:34:46.143" endtime="20250328 07:34:56.144"/>
</kw>
<kw name="Connect To Session" library="SAP_Tcode_Library">
<doc>Connects to an open session SAP.</doc>
<status status="PASS" starttime="20250328 07:34:56.144" endtime="20250328 07:34:56.164"/>
</kw>
<kw name="Open Connection" library="SAP_Tcode_Library">
<arg>${symvar('PVH_connection')}</arg>
<doc>Opens a connection to the given connection name. Be sure to provide the full connection name, including the bracket part.</doc>
<msg timestamp="20250328 07:34:56.165" level="INFO">Sym.Dev.PVH_connection: PFQ</msg>
<status status="PASS" starttime="20250328 07:34:56.164" endtime="20250328 07:34:56.704"/>
</kw>
<kw name="Input Text" library="SAP_Tcode_Library">
<arg>wnd[0]/usr/txtRSYST-MANDT</arg>
<arg>${symvar('PVH_Client_Id')}</arg>
<doc>Inserts the given text into the text field identified by locator.
Use keyword `input password` to insert a password in a text field.</doc>
<msg timestamp="20250328 07:34:56.706" level="INFO">Sym.Dev.PVH_Client_Id: 000</msg>
<msg timestamp="20250328 07:34:56.768" level="INFO">Typing text '000' into text field 'wnd[0]/usr/txtRSYST-MANDT'.</msg>
<status status="PASS" starttime="20250328 07:34:56.704" endtime="20250328 07:34:56.768"/>
</kw>
<kw name="Input Text" library="SAP_Tcode_Library">
<arg>wnd[0]/usr/txtRSYST-BNAME</arg>
<arg>${symvar('PVH_User_Name')}</arg>
<doc>Inserts the given text into the text field identified by locator.
Use keyword `input password` to insert a password in a text field.</doc>
<msg timestamp="20250328 07:34:56.769" level="INFO">Sym.Dev.PVH_User_Name: DDIC</msg>
<msg timestamp="20250328 07:34:56.782" level="INFO">Typing text 'DDIC' into text field 'wnd[0]/usr/txtRSYST-BNAME'.</msg>
<status status="PASS" starttime="20250328 07:34:56.768" endtime="20250328 07:34:56.782"/>
</kw>
<kw name="Input Password" library="SAP_Tcode_Library">
<arg>wnd[0]/usr/pwdRSYST-BCODE</arg>
<arg>%{PVH_User_Password}</arg>
<doc>Inserts the given password into the text field identified by locator.
The password is not recorded in the log.</doc>
<msg timestamp="20250328 07:34:56.788" level="INFO">Typing password into text field 'wnd[0]/usr/pwdRSYST-BCODE'.</msg>
<status status="PASS" starttime="20250328 07:34:56.782" endtime="20250328 07:34:56.788"/>
</kw>
<kw name="Send Vkey" library="SAP_Tcode_Library">
<arg>0</arg>
<doc>Sends a SAP virtual key combination to the window, not into an element.
If you want to send a value to a text field, use `input text` instead.</doc>
<status status="PASS" starttime="20250328 07:34:56.788" endtime="20250328 07:34:57.262"/>
</kw>
<kw name="Sleep" library="BuiltIn">
<arg>3</arg>
<doc>Pauses the test executed for the given time.</doc>
<msg timestamp="20250328 07:35:00.263" level="INFO">Slept 3 seconds</msg>
<status status="PASS" starttime="20250328 07:34:57.262" endtime="20250328 07:35:00.263"/>
</kw>
<kw name="Multiple Logon Handling" library="SAP_Tcode_Library">
<arg>wnd[1]</arg>
<arg>wnd[1]/usr/radMULTI_LOGON_OPT2</arg>
<arg>wnd[1]/tbar[0]/btn[0]</arg>
<status status="PASS" starttime="20250328 07:35:00.264" endtime="20250328 07:35:00.265"/>
</kw>
<kw name="Sleep" library="BuiltIn">
<arg>5</arg>
<doc>Pauses the test executed for the given time.</doc>
<msg timestamp="20250328 07:35:05.266" level="INFO">Slept 5 seconds</msg>
<status status="PASS" starttime="20250328 07:35:00.265" endtime="20250328 07:35:05.266"/>
</kw>
<status status="PASS" starttime="20250328 07:34:46.133" endtime="20250328 07:35:05.266"/>
</kw>
<test id="s1-s1-t1" name="PVH-sm37" line="8">
<kw name="PVH-sm37" library="PVH-sm37">
<kw name="Run Transaction" library="SAP_Tcode_Library">
<arg>/nsm37</arg>
<doc>Runs a Sap transaction. An error is given when an unknown transaction is specified.</doc>
<status status="PASS" starttime="20250328 07:35:05.268" endtime="20250328 07:35:05.449"/>
</kw>
<kw name="Sleep" library="BuiltIn">
<arg>1</arg>
<doc>Pauses the test executed for the given time.</doc>
<msg timestamp="20250328 07:35:06.450" level="INFO">Slept 1 second</msg>
<status status="PASS" starttime="20250328 07:35:05.449" endtime="20250328 07:35:06.451"/>
</kw>
<kw name="Clear Field Text" library="SAP_Tcode_Library">
<arg>wnd[0]/usr/txtBTCH2170-JOBNAME</arg>
<msg timestamp="20250328 07:35:06.461" level="INFO">Text cleared in field with ID: wnd[0]/usr/txtBTCH2170-JOBNAME</msg>
<status status="PASS" starttime="20250328 07:35:06.451" endtime="20250328 07:35:06.462"/>
</kw>
<kw name="Input Text" library="SAP_Tcode_Library">
<arg>wnd[0]/usr/txtBTCH2170-JOBNAME</arg>
<arg>*</arg>
<doc>Inserts the given text into the text field identified by locator.
Use keyword `input password` to insert a password in a text field.</doc>
<msg timestamp="20250328 07:35:06.474" level="INFO">Typing text '*' into text field 'wnd[0]/usr/txtBTCH2170-JOBNAME'.</msg>
<status status="PASS" starttime="20250328 07:35:06.462" endtime="20250328 07:35:06.474"/>
</kw>
<kw name="Sleep" library="BuiltIn">
<arg>2</arg>
<doc>Pauses the test executed for the given time.</doc>
<msg timestamp="20250328 07:35:08.475" level="INFO">Slept 2 seconds</msg>
<status status="PASS" starttime="20250328 07:35:06.474" endtime="20250328 07:35:08.475"/>
</kw>
<kw name="Clear Field Text" library="SAP_Tcode_Library">
<arg>wnd[0]/usr/txtBTCH2170-USERNAME</arg>
<msg timestamp="20250328 07:35:08.479" level="INFO">Text cleared in field with ID: wnd[0]/usr/txtBTCH2170-USERNAME</msg>
<status status="PASS" starttime="20250328 07:35:08.476" endtime="20250328 07:35:08.479"/>
</kw>
<kw name="Input Text" library="SAP_Tcode_Library">
<arg>wnd[0]/usr/txtBTCH2170-USERNAME</arg>
<arg>*</arg>
<doc>Inserts the given text into the text field identified by locator.
Use keyword `input password` to insert a password in a text field.</doc>
<msg timestamp="20250328 07:35:08.484" level="INFO">Typing text '*' into text field 'wnd[0]/usr/txtBTCH2170-USERNAME'.</msg>
<status status="PASS" starttime="20250328 07:35:08.479" endtime="20250328 07:35:08.484"/>
</kw>
<kw name="Sleep" library="BuiltIn">
<arg>2</arg>
<doc>Pauses the test executed for the given time.</doc>
<msg timestamp="20250328 07:35:10.485" level="INFO">Slept 2 seconds</msg>
<status status="PASS" starttime="20250328 07:35:08.485" endtime="20250328 07:35:10.485"/>
</kw>
<kw name="Unselect Checkbox" library="SAP_Tcode_Library">
<arg>wnd[0]/usr/chkBTCH2170-SCHEDUL</arg>
<doc>Removes selection of checkbox identified by locator.
Does nothing if the checkbox is not selected.</doc>
<status status="PASS" starttime="20250328 07:35:10.486" endtime="20250328 07:35:10.492"/>
</kw>
<kw name="Sleep" library="BuiltIn">
<arg>2</arg>
<doc>Pauses the test executed for the given time.</doc>
<msg timestamp="20250328 07:35:12.493" level="INFO">Slept 2 seconds</msg>
<status status="PASS" starttime="20250328 07:35:10.492" endtime="20250328 07:35:12.493"/>
</kw>
<kw name="Unselect Checkbox" library="SAP_Tcode_Library">
<arg>wnd[0]/usr/chkBTCH2170-READY</arg>
<doc>Removes selection of checkbox identified by locator.
Does nothing if the checkbox is not selected.</doc>
<status status="PASS" starttime="20250328 07:35:12.493" endtime="20250328 07:35:12.499"/>
</kw>
<kw name="Sleep" library="BuiltIn">
<arg>2</arg>
<doc>Pauses the test executed for the given time.</doc>
<msg timestamp="20250328 07:35:14.500" level="INFO">Slept 2 seconds</msg>
<status status="PASS" starttime="20250328 07:35:12.499" endtime="20250328 07:35:14.500"/>
</kw>
<kw name="Unselect Checkbox" library="SAP_Tcode_Library">
<arg>wnd[0]/usr/chkBTCH2170-RUNNING</arg>
<doc>Removes selection of checkbox identified by locator.
Does nothing if the checkbox is not selected.</doc>
<status status="PASS" starttime="20250328 07:35:14.500" endtime="20250328 07:35:14.506"/>
</kw>
<kw name="Sleep" library="BuiltIn">
<arg>2</arg>
<doc>Pauses the test executed for the given time.</doc>
<msg timestamp="20250328 07:35:16.507" level="INFO">Slept 2 seconds</msg>
<status status="PASS" starttime="20250328 07:35:14.507" endtime="20250328 07:35:16.507"/>
</kw>
<kw name="Unselect Checkbox" library="SAP_Tcode_Library">
<arg>wnd[0]/usr/chkBTCH2170-FINISHED</arg>
<doc>Removes selection of checkbox identified by locator.
Does nothing if the checkbox is not selected.</doc>
<status status="PASS" starttime="20250328 07:35:16.508" endtime="20250328 07:35:16.514"/>
</kw>
<kw name="Sleep" library="BuiltIn">
<arg>2</arg>
<doc>Pauses the test executed for the given time.</doc>
<msg timestamp="20250328 07:35:18.514" level="INFO">Slept 2 seconds</msg>
<status status="PASS" starttime="20250328 07:35:16.514" endtime="20250328 07:35:18.514"/>
</kw>
<kw name="Take Screenshot" library="SAP_Tcode_Library">
<arg>006_sm37_01.jpg</arg>
<doc>Takes a screenshot, only if 'screenshots on error' has been enabled,
either at import of with keyword `enable screenshots on error`.</doc>
<msg timestamp="20250328 07:35:18.597" level="INFO" html="true">&lt;a href="006_sm37_01.jpg"&gt;&lt;img src="006_sm37_01.jpg" width="800px"&gt;&lt;/a&gt;</msg>
<status status="PASS" starttime="20250328 07:35:18.515" endtime="20250328 07:35:18.597"/>
</kw>
<kw name="Sleep" library="BuiltIn">
<arg>1</arg>
<doc>Pauses the test executed for the given time.</doc>
<msg timestamp="20250328 07:35:19.598" level="INFO">Slept 1 second</msg>
<status status="PASS" starttime="20250328 07:35:18.598" endtime="20250328 07:35:19.599"/>
</kw>
<kw name="Click Element" library="SAP_Tcode_Library">
<arg>wnd[0]/tbar[1]/btn[8]</arg>
<doc>Performs a single click on a given element. Used only for buttons, tabs and menu items.</doc>
<status status="PASS" starttime="20250328 07:35:19.599" endtime="20250328 07:35:19.803"/>
</kw>
<kw name="Sleep" library="BuiltIn">
<arg>2</arg>
<doc>Pauses the test executed for the given time.</doc>
<msg timestamp="20250328 07:35:21.804" level="INFO">Slept 2 seconds</msg>
<status status="PASS" starttime="20250328 07:35:19.804" endtime="20250328 07:35:21.805"/>
</kw>
<kw name="Take Screenshot" library="SAP_Tcode_Library">
<arg>006_sm37_02.jpg</arg>
<doc>Takes a screenshot, only if 'screenshots on error' has been enabled,
either at import of with keyword `enable screenshots on error`.</doc>
<msg timestamp="20250328 07:35:21.850" level="INFO" html="true">&lt;a href="006_sm37_02.jpg"&gt;&lt;img src="006_sm37_02.jpg" width="800px"&gt;&lt;/a&gt;</msg>
<status status="PASS" starttime="20250328 07:35:21.805" endtime="20250328 07:35:21.850"/>
</kw>
<kw name="Sleep" library="BuiltIn">
<arg>1</arg>
<doc>Pauses the test executed for the given time.</doc>
<msg timestamp="20250328 07:35:22.851" level="INFO">Slept 1 second</msg>
<status status="PASS" starttime="20250328 07:35:21.850" endtime="20250328 07:35:22.851"/>
</kw>
<kw name="Copy Images" library="Merger">
<arg>${OUTPUT_DIR}</arg>
<arg>${symvar('PVH_Target_Dir')}</arg>
<msg timestamp="20250328 07:35:22.853" level="INFO">Sym.Dev.PVH_Target_Dir: C:\tmp\PVH\PFQ\Pre\</msg>
<msg timestamp="20250328 07:35:22.965" level="INFO">Copied: 006_sm37_01.jpg
Copied: 006_sm37_02.jpg
Skipped: Output.xml - Not a valid image file or format not supported. Error: cannot identify image file 'C:\\Replay\\PVH\\Output\\c5ec03ab-3b96-4512-b04f-919477af32ef\\pabot_results\\0\\Output.xml'
Skipped: robot_stderr.out - Not a valid image file or format not supported. Error: cannot identify image file 'C:\\Replay\\PVH\\Output\\c5ec03ab-3b96-4512-b04f-919477af32ef\\pabot_results\\0\\robot_stderr.out'
Skipped: robot_stdout.out - Not a valid image file or format not supported. Error: cannot identify image file 'C:\\Replay\\PVH\\Output\\c5ec03ab-3b96-4512-b04f-919477af32ef\\pabot_results\\0\\robot_stdout.out'</msg>
<status status="PASS" starttime="20250328 07:35:22.851" endtime="20250328 07:35:22.965"/>
</kw>
<status status="PASS" starttime="20250328 07:35:05.267" endtime="20250328 07:35:22.965"/>
</kw>
<tag>pvh-sm37</tag>
<tag>Regression</tag>
<status status="PASS" starttime="20250328 07:35:05.266" endtime="20250328 07:35:22.965"/>
</test>
<kw name="System Logout" library="PVH-sm37" type="TEARDOWN">
<kw name="Run Transaction" library="SAP_Tcode_Library">
<arg>/nex</arg>
<doc>Runs a Sap transaction. An error is given when an unknown transaction is specified.</doc>
<status status="PASS" starttime="20250328 07:35:22.967" endtime="20250328 07:35:22.997"/>
</kw>
<kw name="Sleep" library="BuiltIn">
<arg>5</arg>
<doc>Pauses the test executed for the given time.</doc>
<msg timestamp="20250328 07:35:27.998" level="INFO">Slept 5 seconds</msg>
<status status="PASS" starttime="20250328 07:35:22.997" endtime="20250328 07:35:27.998"/>
</kw>
<status status="PASS" starttime="20250328 07:35:22.966" endtime="20250328 07:35:27.998"/>
</kw>
<status status="PASS" starttime="20250328 07:34:46.083" endtime="20250328 07:35:27.998"/>
</suite>
<doc>Testing functionality through Robot Framework</doc>
<meta name="environment">Dev</meta>
<meta name="test_browser_name">chrome</meta>
<meta name="test_browser_version">134.0.6998.36</meta>
<meta name="test_driver_version">134.0.6998.35 </meta>
<meta name="test_environment">Dev</meta>
<meta name="test_freeze_dependencies">astroid==3.3.8,attrs==25.1.0,beautifulsoup4==4.13.3,bs4==0.0.2,certifi==2025.1.31,cffi==1.17.1,chardet==5.2.0,charset-normalizer==3.4.1,click==8.1.8,colorama==0.4.6,cryptography==44.0.2,defusedxml==0.7.1,dill==0.3.9,docutils==0.21.2,et_xmlfile==2.0.0,exceptiongroup==1.2.2,fpdf==1.7.2,gitdb==4.0.12,GitPython==3.1.44,h11==0.14.0,idna==3.10,isort==6.0.1,Jinja2==3.1.5,jira==3.8.0,jsonpath-ng==1.7.0,jsonschema==4.23.0,jsonschema-specifications==2024.10.1,lazy-object-proxy==1.10.0,lxml==5.3.1,markdown-it-py==3.0.0,MarkupSafe==3.0.2,mccabe==0.7.0,mdurl==0.1.2,natsort==8.4.0,numpy==2.2.3,oauthlib==3.2.2,opencv-python==4.11.0.86,openpyxl==3.1.5,outcome==1.3.0.post0,packaging==24.2,pathspec==0.11.2,pillow==11.1.0,pip==25.0.1,platformdirs==4.3.6,ply==3.11,pycparser==2.22,Pygments==2.19.1,pylint==3.3.4,PyMuPDF==1.25.3,PySocks==1.7.1,pywin32==308,PyYAML==6.0.2,referencing==0.36.2,requests==2.32.3,requests-oauthlib==2.0.0,requests-toolbelt==1.0.0,rich==13.9.4,rich-click==1.6.1,robotframework==6.0.2,robotframework-datadriver==1.9.0,robotframework-excellib==2.0.1,robotframework-jsonlibrary==0.5,robotframework-pabot==2.16.0,robotframework-pythonlibcore==4.2.0,robotframework-requests==0.9.2,robotframework-sapguilibrary==1.1,robotframework-seleniumlibrary==5.1.3,robotframework-stacktrace==0.4.1,robotframework-tidy==4.5.0,rpds-py==0.23.1,selenium==4.9.1,setuptools==75.8.2,smmap==5.0.2,sniffio==1.3.1,sortedcontainers==2.4.0,soupsieve==2.6,tomli==2.0.2,tomlkit==0.13.2,trio==0.29.0,trio-websocket==0.12.2,typing_extensions==4.12.2,urllib3==2.3.0,wheel==0.45.1,wrapt==1.17.2,wsproto==1.2.0</meta>
<status status="PASS" starttime="20250328 07:34:41.719" endtime="20250328 07:35:28.046"/>
</suite>
<statistics>
<total>
<stat pass="1" fail="0" skip="0">All Tests</stat>
</total>
<tag>
<stat pass="1" fail="0" skip="0">pvh-sm37</stat>
<stat pass="1" fail="0" skip="0">Regression</stat>
</tag>
<suite>
<stat pass="1" fail="0" skip="0" id="s1" name="Tests">Tests</stat>
<stat pass="1" fail="0" skip="0" id="s1-s1" name="Test PVH-sm37">Tests.Test PVH-sm37</stat>
</suite>
</statistics>
<errors>
</errors>
</robot>
