<?xml version="1.0" encoding="UTF-8"?>
<robot generator="Robot 6.0.2 (Python 3.13.2 on win32)" generated="20250327 16:47:04.531" rpa="false" schemaversion="3">
<suite id="s1" name="Tests" source="C:\Replay\PVH\Tests">
<kw name="Setup highest level suite" type="SETUP">
<kw name="Set Variable" library="BuiltIn">
<var>${d.test_server}</var>
<arg>${test_server}</arg>
<doc>Returns the given values which can then be assigned to a variables.</doc>
<msg timestamp="20250327 16:47:05.632" level="INFO">${d.test_server} = Dev</msg>
<status status="PASS" starttime="20250327 16:47:05.632" endtime="20250327 16:47:05.632"/>
</kw>
<kw name="Reset screenshot count variable" library="Support">
<kw name="Set Variable" library="BuiltIn">
<var>${screenshotCount}</var>
<arg>${PABOTQUEUEINDEX}_1</arg>
<doc>Returns the given values which can then be assigned to a variables.</doc>
<msg timestamp="20250327 16:47:05.633" level="INFO">${screenshotCount} = 0_1</msg>
<status status="PASS" starttime="20250327 16:47:05.633" endtime="20250327 16:47:05.633"/>
</kw>
<kw name="Set Global Variable" library="BuiltIn">
<arg>${screenshotCount}</arg>
<doc>Makes a variable available globally in all tests and suites.</doc>
<msg timestamp="20250327 16:47:05.634" level="INFO">${screenshotCount} = 0_1</msg>
<status status="PASS" starttime="20250327 16:47:05.633" endtime="20250327 16:47:05.634"/>
</kw>
<kw name="Set up screenshot directory" library="Support">
<kw name="Create Directory" library="OperatingSystem">
<arg>${OUTPUTDIR}${/}${wvar('screenshot_dir')}</arg>
<doc>Creates the specified directory.</doc>
<msg timestamp="20250327 16:47:05.635" level="INFO">Web.Dev.screenshot_dir: Screenshot</msg>
<msg timestamp="20250327 16:47:05.636" level="INFO" html="true">Created directory '&lt;a href="file://C:\Replay\PVH\Output\bfb2634c-9020-4228-8739-7abe3a14db5a\pabot_results\0\Screenshot"&gt;C:\Replay\PVH\Output\bfb2634c-9020-4228-8739-7abe3a14db5a\pabot_results\0\Screenshot&lt;/a&gt;'.</msg>
<status status="PASS" starttime="20250327 16:47:05.634" endtime="20250327 16:47:05.636"/>
</kw>
<status status="PASS" starttime="20250327 16:47:05.634" endtime="20250327 16:47:05.636"/>
</kw>
<status status="PASS" starttime="20250327 16:47:05.633" endtime="20250327 16:47:05.636"/>
</kw>
<kw name="Set Global Variable" library="BuiltIn">
<arg>${screenshot_taking}</arg>
<arg>${True}</arg>
<doc>Makes a variable available globally in all tests and suites.</doc>
<msg timestamp="20250327 16:47:05.637" level="INFO">${screenshot_taking} = True</msg>
<status status="PASS" starttime="20250327 16:47:05.637" endtime="20250327 16:47:05.637"/>
</kw>
<kw name="Setup linux execution" library="Support">
<kw name="Run Keyword And Return Status" library="BuiltIn">
<var>${web_test_check}</var>
<arg>Variable Should Exist</arg>
<arg>${web_test}</arg>
<doc>Runs the given keyword with given arguments and returns the status as a Boolean value.</doc>
<kw name="Variable Should Exist" library="BuiltIn">
<arg>${web_test}</arg>
<doc>Fails unless the given variable exists within the current scope.</doc>
<status status="PASS" starttime="20250327 16:47:05.638" endtime="20250327 16:47:05.638"/>
</kw>
<msg timestamp="20250327 16:47:05.638" level="INFO">${web_test_check} = True</msg>
<status status="PASS" starttime="20250327 16:47:05.637" endtime="20250327 16:47:05.638"/>
</kw>
<kw name="Run Keyword If" library="BuiltIn">
<arg>${web_test_check}</arg>
<arg>Setup Docker Execution Options</arg>
<doc>Runs the given keyword with the given arguments, if ``condition`` is true.</doc>
<kw name="Setup Docker Execution Options" library="Support_Web">
<kw name="Setup Suite Metadata" library="Support_Web">
<arg>${browser}</arg>
<kw name="Get Browser Metadata" library="BrowserSupport">
<var>&amp;{browser_information}</var>
<arg>browser=${browser}</arg>
<doc>Fetches browser metadata information
:param browser: Name of the browser for which information is fetched
:param reload: Re-read the metadata based on the browser
:return: Browser metadata information, dict of format
            {"browser_version": browser version value,
             "driver_version": driver version value}</doc>
<msg timestamp="20250327 16:47:09.661" level="INFO">&amp;{browser_information} = { browser_version=134.0.6998.36 | driver_version=134.0.6998.35  }</msg>
<status status="PASS" starttime="20250327 16:47:05.639" endtime="20250327 16:47:09.661"/>
</kw>
<kw name="Set Suite Metadata" library="BuiltIn">
<arg>test_browser_name</arg>
<arg>${browser}</arg>
<doc>Sets metadata for the current test suite.</doc>
<msg timestamp="20250327 16:47:09.662" level="INFO">Set suite metadata 'test_browser_name' to value 'chrome'.</msg>
<status status="PASS" starttime="20250327 16:47:09.661" endtime="20250327 16:47:09.662"/>
</kw>
<kw name="Set Suite Metadata" library="BuiltIn">
<arg>test_browser_version</arg>
<arg>${browser_information.browser_version}</arg>
<doc>Sets metadata for the current test suite.</doc>
<msg timestamp="20250327 16:47:09.663" level="INFO">Set suite metadata 'test_browser_version' to value '134.0.6998.36'.</msg>
<status status="PASS" starttime="20250327 16:47:09.662" endtime="20250327 16:47:09.663"/>
</kw>
<kw name="Set Suite Metadata" library="BuiltIn">
<arg>test_driver_version</arg>
<arg>${browser_information.driver_version}</arg>
<doc>Sets metadata for the current test suite.</doc>
<msg timestamp="20250327 16:47:09.663" level="INFO">Set suite metadata 'test_driver_version' to value '134.0.6998.35 '.</msg>
<status status="PASS" starttime="20250327 16:47:09.663" endtime="20250327 16:47:09.663"/>
</kw>
<status status="PASS" starttime="20250327 16:47:05.639" endtime="20250327 16:47:09.664"/>
</kw>
<kw name="Setup Global Docker Execution Options" library="Support_Web">
<kw name="Set Global Variable" library="BuiltIn">
<arg>${global_browser_options}</arg>
<arg>None</arg>
<doc>Makes a variable available globally in all tests and suites.</doc>
<msg timestamp="20250327 16:47:09.665" level="INFO">${global_browser_options} = None</msg>
<status status="PASS" starttime="20250327 16:47:09.664" endtime="20250327 16:47:09.665"/>
</kw>
<kw name="Get Environment Variable" library="OperatingSystem">
<var>${docker_check}</var>
<arg>EXECUTION_ENVIRONMENT</arg>
<arg>not_found</arg>
<doc>Returns the value of an environment variable with the given name.</doc>
<msg timestamp="20250327 16:47:09.665" level="INFO">${docker_check} = not_found</msg>
<status status="PASS" starttime="20250327 16:47:09.665" endtime="20250327 16:47:09.665"/>
</kw>
<kw name="Run Keyword And Return If" library="BuiltIn">
<arg>"${docker_check}"!="docker"</arg>
<arg>Log</arg>
<arg>Not executing on Docker</arg>
<doc>Runs the specified keyword and returns from the enclosing user keyword.</doc>
<kw name="Log" library="BuiltIn">
<arg>Not executing on Docker</arg>
<doc>Logs the given message with the given level.</doc>
<msg timestamp="20250327 16:47:09.666" level="INFO">Not executing on Docker</msg>
<status status="PASS" starttime="20250327 16:47:09.666" endtime="20250327 16:47:09.666"/>
</kw>
<msg timestamp="20250327 16:47:09.666" level="INFO">Returning from the enclosing user keyword.</msg>
<status status="PASS" starttime="20250327 16:47:09.665" endtime="20250327 16:47:09.666"/>
</kw>
<kw name="Create List" library="BuiltIn">
<var>@{options}</var>
<arg>--headless</arg>
<arg>--no-sandbox</arg>
<arg>--disable-dev-shm-usage</arg>
<doc>Returns a list containing given items.</doc>
<status status="NOT RUN" starttime="20250327 16:47:09.666" endtime="20250327 16:47:09.666"/>
</kw>
<kw name="Set Global Variable" library="BuiltIn">
<arg>@{docker_options}</arg>
<arg>@{options}</arg>
<doc>Makes a variable available globally in all tests and suites.</doc>
<status status="NOT RUN" starttime="20250327 16:47:09.667" endtime="20250327 16:47:09.667"/>
</kw>
<status status="PASS" starttime="20250327 16:47:09.664" endtime="20250327 16:47:09.667"/>
</kw>
<kw name="Create Webdriver for chrome preferences" library="Support_Web">
<kw name="Update Docker Execution Options" library="Support_Web">
<var>${list_prefs}</var>
<arg>${list_prefs}</arg>
<kw name="Run Keyword And Return Status" library="BuiltIn">
<var>${docker_check}</var>
<arg>Variable Should Exist</arg>
<arg>${docker_options}</arg>
<doc>Runs the given keyword with given arguments and returns the status as a Boolean value.</doc>
<kw name="Variable Should Exist" library="BuiltIn">
<arg>${docker_options}</arg>
<doc>Fails unless the given variable exists within the current scope.</doc>
<msg timestamp="20250327 16:47:09.670" level="FAIL">Variable '${docker_options}' does not exist.</msg>
<status status="FAIL" starttime="20250327 16:47:09.668" endtime="20250327 16:47:09.670"/>
</kw>
<msg timestamp="20250327 16:47:09.670" level="INFO">${docker_check} = False</msg>
<status status="PASS" starttime="20250327 16:47:09.668" endtime="20250327 16:47:09.670"/>
</kw>
<kw name="Get Length" library="BuiltIn">
<var>${list_prefs_length}</var>
<arg>${list_prefs}</arg>
<doc>Returns and logs the length of the given item as an integer.</doc>
<msg timestamp="20250327 16:47:09.670" level="INFO">Length is 1</msg>
<msg timestamp="20250327 16:47:09.670" level="INFO">${list_prefs_length} = 1</msg>
<status status="PASS" starttime="20250327 16:47:09.670" endtime="20250327 16:47:09.670"/>
</kw>
<kw name="Run Keyword If" library="BuiltIn">
<var>${list_prefs}</var>
<arg>${docker_check} and ${list_prefs_length}&gt;0 and ${list_prefs}[0] != []</arg>
<arg>Combine Lists</arg>
<arg>${list_prefs}</arg>
<arg>${docker_options}</arg>
<arg>ELSE IF</arg>
<arg>${docker_check}</arg>
<arg>Set Variable</arg>
<arg>${docker_options}</arg>
<arg>ELSE</arg>
<arg>Set Variable</arg>
<arg>${list_prefs}</arg>
<doc>Runs the given keyword with the given arguments, if ``condition`` is true.</doc>
<kw name="Set Variable" library="BuiltIn">
<arg>${list_prefs}</arg>
<doc>Returns the given values which can then be assigned to a variables.</doc>
<status status="PASS" starttime="20250327 16:47:09.671" endtime="20250327 16:47:09.671"/>
</kw>
<msg timestamp="20250327 16:47:09.671" level="INFO">${list_prefs} = [[]]</msg>
<status status="PASS" starttime="20250327 16:47:09.670" endtime="20250327 16:47:09.671"/>
</kw>
<msg timestamp="20250327 16:47:09.671" level="INFO">${list_prefs} = [[]]</msg>
<status status="PASS" starttime="20250327 16:47:09.667" endtime="20250327 16:47:09.671"/>
</kw>
<kw name="Create Chrome Options for download preferences" library="Support_Web">
<var>${chrome_options}</var>
<kw name="Evaluate" library="BuiltIn">
<var>${chrome_options}</var>
<arg>sys.modules['selenium.webdriver'].ChromeOptions()</arg>
<arg>sys</arg>
<doc>Evaluates the given expression in Python and returns the result.</doc>
<msg timestamp="20250327 16:47:09.672" level="INFO">${chrome_options} = &lt;selenium.webdriver.chrome.options.Options object at 0x0000013427D28A50&gt;</msg>
<status status="PASS" starttime="20250327 16:47:09.672" endtime="20250327 16:47:09.672"/>
</kw>
<msg timestamp="20250327 16:47:09.672" level="INFO">${chrome_options} = &lt;selenium.webdriver.chrome.options.Options object at 0x0000013427D28A50&gt;</msg>
<status status="PASS" starttime="20250327 16:47:09.671" endtime="20250327 16:47:09.672"/>
</kw>
<kw name="Update Preferences List" library="Support_Web">
<arg>${chrome_options}</arg>
<arg>@{list_prefs}</arg>
<kw name="Convert To String" library="BuiltIn">
<var>${string_prefs}</var>
<arg>${list_prefs}</arg>
<doc>Converts the given item to a Unicode string.</doc>
<msg timestamp="20250327 16:47:09.673" level="INFO">${string_prefs} = [[]]</msg>
<status status="PASS" starttime="20250327 16:47:09.673" endtime="20250327 16:47:09.673"/>
</kw>
<kw name="Return From Keyword If" library="BuiltIn">
<arg>${string_prefs} == [[]]</arg>
<doc>Returns from the enclosing user keyword if ``condition`` is true.</doc>
<msg timestamp="20250327 16:47:09.673" level="INFO">Returning from the enclosing user keyword.</msg>
<status status="PASS" starttime="20250327 16:47:09.673" endtime="20250327 16:47:09.673"/>
</kw>
<for flavor="IN">
<var>${preference}</var>
<value>@{list_prefs}</value>
<iter>
<var name="${preference}"/>
<kw name="Call Method" library="BuiltIn">
<arg>${chrome_options}</arg>
<arg>add_argument</arg>
<arg>${preference}</arg>
<doc>Calls the named method of the given object with the provided arguments.</doc>
<status status="NOT RUN" starttime="20250327 16:47:09.674" endtime="20250327 16:47:09.674"/>
</kw>
<status status="NOT RUN" starttime="20250327 16:47:09.674" endtime="20250327 16:47:09.674"/>
</iter>
<status status="NOT RUN" starttime="20250327 16:47:09.674" endtime="20250327 16:47:09.674"/>
</for>
<status status="PASS" starttime="20250327 16:47:09.672" endtime="20250327 16:47:09.674"/>
</kw>
<kw name="Call Method" library="BuiltIn">
<arg>${chrome_options}</arg>
<arg>add_experimental_option</arg>
<arg>prefs</arg>
<arg>${kw_prefs}</arg>
<doc>Calls the named method of the given object with the provided arguments.</doc>
<status status="PASS" starttime="20250327 16:47:09.674" endtime="20250327 16:47:09.675"/>
</kw>
<kw name="Set Global Variable" library="BuiltIn">
<arg>${global_browser_options}</arg>
<arg>${chrome options}</arg>
<doc>Makes a variable available globally in all tests and suites.</doc>
<msg timestamp="20250327 16:47:09.675" level="INFO">${global_browser_options} = &lt;selenium.webdriver.chrome.options.Options object at 0x0000013427D28A50&gt;</msg>
<status status="PASS" starttime="20250327 16:47:09.675" endtime="20250327 16:47:09.675"/>
</kw>
<status status="PASS" starttime="20250327 16:47:09.667" endtime="20250327 16:47:09.675"/>
</kw>
<status status="PASS" starttime="20250327 16:47:05.639" endtime="20250327 16:47:09.675"/>
</kw>
<status status="PASS" starttime="20250327 16:47:05.638" endtime="20250327 16:47:09.675"/>
</kw>
<status status="PASS" starttime="20250327 16:47:05.637" endtime="20250327 16:47:09.676"/>
</kw>
<kw name="Set Suite Metadata" library="BuiltIn">
<arg>environment</arg>
<arg>${test_server}</arg>
<doc>Sets metadata for the current test suite.</doc>
<msg timestamp="20250327 16:47:09.676" level="INFO">Set suite metadata 'environment' to value 'Dev'.</msg>
<status status="PASS" starttime="20250327 16:47:09.676" endtime="20250327 16:47:09.676"/>
</kw>
<status status="PASS" starttime="20250327 16:47:05.631" endtime="20250327 16:47:09.676"/>
</kw>
<suite id="s1-s1" name="Test PVH-st22" source="C:\Replay\PVH\Tests\Test_PVH-st22.robot">
<kw name="System Logon" library="PVH-st22" type="SETUP">
<kw name="Start Process" library="Process">
<arg>${symvar('SAP_SERVER')}</arg>
<doc>Starts a new process on background.</doc>
<msg timestamp="20250327 16:47:09.723" level="INFO">Sym.Dev.SAP_SERVER: C:\Program Files (x86)\SAP\FrontEnd\SAPGUI\saplogon.exe</msg>
<msg timestamp="20250327 16:47:09.723" level="INFO">Starting process:
"C:\Program Files (x86)\SAP\FrontEnd\SAPGUI\saplogon.exe"</msg>
<status status="PASS" starttime="20250327 16:47:09.722" endtime="20250327 16:47:09.731"/>
</kw>
<kw name="Sleep" library="BuiltIn">
<arg>10s</arg>
<doc>Pauses the test executed for the given time.</doc>
<msg timestamp="20250327 16:47:19.732" level="INFO">Slept 10 seconds</msg>
<status status="PASS" starttime="20250327 16:47:09.732" endtime="20250327 16:47:19.733"/>
</kw>
<kw name="Connect To Session" library="SAP_Tcode_Library">
<doc>Connects to an open session SAP.</doc>
<status status="PASS" starttime="20250327 16:47:19.733" endtime="20250327 16:47:19.753"/>
</kw>
<kw name="Open Connection" library="SAP_Tcode_Library">
<arg>${symvar('PVH_connection')}</arg>
<doc>Opens a connection to the given connection name. Be sure to provide the full connection name, including the bracket part.</doc>
<msg timestamp="20250327 16:47:19.754" level="INFO">Sym.Dev.PVH_connection: PFQ</msg>
<status status="PASS" starttime="20250327 16:47:19.753" endtime="20250327 16:47:20.276"/>
</kw>
<kw name="Input Text" library="SAP_Tcode_Library">
<arg>wnd[0]/usr/txtRSYST-MANDT</arg>
<arg>${symvar('PVH_Client_Id')}</arg>
<doc>Inserts the given text into the text field identified by locator.
Use keyword `input password` to insert a password in a text field.</doc>
<msg timestamp="20250327 16:47:20.278" level="INFO">Sym.Dev.PVH_Client_Id: 000</msg>
<msg timestamp="20250327 16:47:20.339" level="INFO">Typing text '000' into text field 'wnd[0]/usr/txtRSYST-MANDT'.</msg>
<status status="PASS" starttime="20250327 16:47:20.277" endtime="20250327 16:47:20.340"/>
</kw>
<kw name="Input Text" library="SAP_Tcode_Library">
<arg>wnd[0]/usr/txtRSYST-BNAME</arg>
<arg>${symvar('PVH_User_Name')}</arg>
<doc>Inserts the given text into the text field identified by locator.
Use keyword `input password` to insert a password in a text field.</doc>
<msg timestamp="20250327 16:47:20.341" level="INFO">Sym.Dev.PVH_User_Name: DDIC</msg>
<msg timestamp="20250327 16:47:20.355" level="INFO">Typing text 'DDIC' into text field 'wnd[0]/usr/txtRSYST-BNAME'.</msg>
<status status="PASS" starttime="20250327 16:47:20.340" endtime="20250327 16:47:20.355"/>
</kw>
<kw name="Input Password" library="SAP_Tcode_Library">
<arg>wnd[0]/usr/pwdRSYST-BCODE</arg>
<arg>%{PVH_User_Password}</arg>
<doc>Inserts the given password into the text field identified by locator.
The password is not recorded in the log.</doc>
<msg timestamp="20250327 16:47:20.360" level="INFO">Typing password into text field 'wnd[0]/usr/pwdRSYST-BCODE'.</msg>
<status status="PASS" starttime="20250327 16:47:20.355" endtime="20250327 16:47:20.360"/>
</kw>
<kw name="Send Vkey" library="SAP_Tcode_Library">
<arg>0</arg>
<doc>Sends a SAP virtual key combination to the window, not into an element.
If you want to send a value to a text field, use `input text` instead.</doc>
<status status="PASS" starttime="20250327 16:47:20.360" endtime="20250327 16:47:20.822"/>
</kw>
<kw name="Sleep" library="BuiltIn">
<arg>3</arg>
<doc>Pauses the test executed for the given time.</doc>
<msg timestamp="20250327 16:47:23.823" level="INFO">Slept 3 seconds</msg>
<status status="PASS" starttime="20250327 16:47:20.822" endtime="20250327 16:47:23.823"/>
</kw>
<kw name="Multiple Logon Handling" library="SAP_Tcode_Library">
<arg>wnd[1]</arg>
<arg>wnd[1]/usr/radMULTI_LOGON_OPT2</arg>
<arg>wnd[1]/tbar[0]/btn[0]</arg>
<status status="PASS" starttime="20250327 16:47:23.824" endtime="20250327 16:47:23.826"/>
</kw>
<kw name="Sleep" library="BuiltIn">
<arg>5</arg>
<doc>Pauses the test executed for the given time.</doc>
<msg timestamp="20250327 16:47:28.827" level="INFO">Slept 5 seconds</msg>
<status status="PASS" starttime="20250327 16:47:23.826" endtime="20250327 16:47:28.827"/>
</kw>
<status status="PASS" starttime="20250327 16:47:09.722" endtime="20250327 16:47:28.827"/>
</kw>
<test id="s1-s1-t1" name="PVH-st22" line="8">
<kw name="PVH-st22" library="PVH-st22">
<kw name="Run Transaction" library="SAP_Tcode_Library">
<arg>/nst22</arg>
<doc>Runs a Sap transaction. An error is given when an unknown transaction is specified.</doc>
<status status="PASS" starttime="20250327 16:47:28.828" endtime="20250327 16:47:29.002"/>
</kw>
<kw name="Sleep" library="BuiltIn">
<arg>1</arg>
<doc>Pauses the test executed for the given time.</doc>
<msg timestamp="20250327 16:47:30.003" level="INFO">Slept 1 second</msg>
<status status="PASS" starttime="20250327 16:47:29.003" endtime="20250327 16:47:30.004"/>
</kw>
<kw name="Take Screenshot" library="SAP_Tcode_Library">
<arg>002_st22_01.jpg</arg>
<doc>Takes a screenshot, only if 'screenshots on error' has been enabled,
either at import of with keyword `enable screenshots on error`.</doc>
<msg timestamp="20250327 16:47:30.081" level="INFO" html="true">&lt;a href="002_st22_01.jpg"&gt;&lt;img src="002_st22_01.jpg" width="800px"&gt;&lt;/a&gt;</msg>
<status status="PASS" starttime="20250327 16:47:30.004" endtime="20250327 16:47:30.081"/>
</kw>
<kw name="Sleep" library="BuiltIn">
<arg>1</arg>
<doc>Pauses the test executed for the given time.</doc>
<msg timestamp="20250327 16:47:31.082" level="INFO">Slept 1 second</msg>
<status status="PASS" starttime="20250327 16:47:30.081" endtime="20250327 16:47:31.083"/>
</kw>
<kw name="Get Value" library="SAP_Tcode_Library">
<var>${number}</var>
<arg>wnd[0]/usr/txtTOD_NUM</arg>
<doc>Gets the value of the given element. The possible return values depend on the type of element (see Return values).</doc>
<msg timestamp="20250327 16:47:31.110" level="INFO">${number} = 16      Runtime Errors</msg>
<status status="PASS" starttime="20250327 16:47:31.083" endtime="20250327 16:47:31.110"/>
</kw>
<kw name="Evaluate" library="BuiltIn">
<var>${number}</var>
<arg>re.search(r"\\d+", """${number}""").group(0)</arg>
<arg>re</arg>
<doc>Evaluates the given expression in Python and returns the result.</doc>
<msg timestamp="20250327 16:47:31.111" level="INFO">${number} = 16</msg>
<status status="PASS" starttime="20250327 16:47:31.110" endtime="20250327 16:47:31.111"/>
</kw>
<kw name="Log" library="BuiltIn">
<arg>${number}</arg>
<doc>Logs the given message with the given level.</doc>
<msg timestamp="20250327 16:47:31.112" level="INFO">16</msg>
<status status="PASS" starttime="20250327 16:47:31.111" endtime="20250327 16:47:31.112"/>
</kw>
<kw name="Sleep" library="BuiltIn">
<arg>1</arg>
<doc>Pauses the test executed for the given time.</doc>
<msg timestamp="20250327 16:47:32.113" level="INFO">Slept 1 second</msg>
<status status="PASS" starttime="20250327 16:47:31.112" endtime="20250327 16:47:32.113"/>
</kw>
<if>
<branch type="IF" condition="${number} == 0">
<kw name="Take Screenshot" library="SAP_Tcode_Library">
<arg>002_st22_02.jpg</arg>
<doc>Takes a screenshot, only if 'screenshots on error' has been enabled,
either at import of with keyword `enable screenshots on error`.</doc>
<status status="NOT RUN" starttime="20250327 16:47:32.114" endtime="20250327 16:47:32.114"/>
</kw>
<status status="NOT RUN" starttime="20250327 16:47:32.113" endtime="20250327 16:47:32.114"/>
</branch>
<branch type="ELSE">
<kw name="Click Element" library="SAP_Tcode_Library">
<arg>wnd[0]/usr/btnTODAY</arg>
<doc>Performs a single click on a given element. Used only for buttons, tabs and menu items.</doc>
<status status="PASS" starttime="20250327 16:47:32.114" endtime="20250327 16:47:32.728"/>
</kw>
<kw name="Get Row Count" library="SAP_Tcode_Library">
<var>${row_count}</var>
<arg>${TREE_PATH}</arg>
<doc>Returns the number of rows found in the specified table.</doc>
<msg timestamp="20250327 16:47:32.752" level="INFO">${row_count} = 16</msg>
<status status="PASS" starttime="20250327 16:47:32.729" endtime="20250327 16:47:32.752"/>
</kw>
<kw name="Log" library="BuiltIn">
<arg>Total Row Count: ${row_count}</arg>
<doc>Logs the given message with the given level.</doc>
<msg timestamp="20250327 16:47:32.753" level="INFO">Total Row Count: 16</msg>
<status status="PASS" starttime="20250327 16:47:32.752" endtime="20250327 16:47:32.753"/>
</kw>
<kw name="Set Variable" library="BuiltIn">
<var>${counter}</var>
<arg>1</arg>
<doc>Returns the given values which can then be assigned to a variables.</doc>
<msg timestamp="20250327 16:47:32.753" level="INFO">${counter} = 1</msg>
<status status="PASS" starttime="20250327 16:47:32.753" endtime="20250327 16:47:32.753"/>
</kw>
<for flavor="IN RANGE">
<var>${i}</var>
<value>0</value>
<value>${row_count + 1}</value>
<value>39</value>
<iter>
<var name="${i}">0</var>
<kw name="Log" library="BuiltIn">
<arg>Processing row ${i}</arg>
<doc>Logs the given message with the given level.</doc>
<msg timestamp="20250327 16:47:32.755" level="INFO">Processing row 0</msg>
<status status="PASS" starttime="20250327 16:47:32.754" endtime="20250327 16:47:32.755"/>
</kw>
<kw name="Selected Rows" library="SAP_Tcode_Library">
<var>${selected_rows}</var>
<arg>${TREE_PATH}</arg>
<arg>${i}</arg>
<msg timestamp="20250327 16:47:32.759" level="INFO">${selected_rows} = None</msg>
<status status="PASS" starttime="20250327 16:47:32.755" endtime="20250327 16:47:32.759"/>
</kw>
<kw name="Log To Console" library="BuiltIn">
<arg>Selected rows: ${selected_rows}</arg>
<doc>Logs the given message to the console.</doc>
<status status="PASS" starttime="20250327 16:47:32.759" endtime="20250327 16:47:32.760"/>
</kw>
<kw name="Evaluate" library="BuiltIn">
<var>${padded_counter}</var>
<arg>"{:02d}".format(${counter})</arg>
<doc>Evaluates the given expression in Python and returns the result.</doc>
<msg timestamp="20250327 16:47:32.760" level="INFO">${padded_counter} = 01</msg>
<status status="PASS" starttime="20250327 16:47:32.760" endtime="20250327 16:47:32.760"/>
</kw>
<kw name="Take Screenshot" library="SAP_Tcode_Library">
<arg>002_st22_03_${padded_counter}.jpg</arg>
<doc>Takes a screenshot, only if 'screenshots on error' has been enabled,
either at import of with keyword `enable screenshots on error`.</doc>
<msg timestamp="20250327 16:47:32.817" level="INFO" html="true">&lt;a href="002_st22_03_01.jpg"&gt;&lt;img src="002_st22_03_01.jpg" width="800px"&gt;&lt;/a&gt;</msg>
<status status="PASS" starttime="20250327 16:47:32.760" endtime="20250327 16:47:32.818"/>
</kw>
<kw name="Evaluate" library="BuiltIn">
<var>${counter}</var>
<arg>${counter} + 1</arg>
<doc>Evaluates the given expression in Python and returns the result.</doc>
<msg timestamp="20250327 16:47:32.818" level="INFO">${counter} = 2</msg>
<status status="PASS" starttime="20250327 16:47:32.818" endtime="20250327 16:47:32.818"/>
</kw>
<kw name="Sleep" library="BuiltIn">
<arg>1</arg>
<doc>Pauses the test executed for the given time.</doc>
<msg timestamp="20250327 16:47:33.819" level="INFO">Slept 1 second</msg>
<status status="PASS" starttime="20250327 16:47:32.818" endtime="20250327 16:47:33.819"/>
</kw>
<status status="PASS" starttime="20250327 16:47:32.754" endtime="20250327 16:47:33.819"/>
</iter>
<status status="PASS" starttime="20250327 16:47:32.753" endtime="20250327 16:47:33.819"/>
</for>
<status status="PASS" starttime="20250327 16:47:32.114" endtime="20250327 16:47:33.819"/>
</branch>
<status status="PASS" starttime="20250327 16:47:32.113" endtime="20250327 16:47:33.819"/>
</if>
<kw name="Copy Images" library="Merger">
<arg>${OUTPUT_DIR}</arg>
<arg>${symvar('PVH_Target_Dir')}</arg>
<msg timestamp="20250327 16:47:33.820" level="INFO">Sym.Dev.PVH_Target_Dir: C:\tmp\PVH\PFQ\Pre\</msg>
<msg timestamp="20250327 16:47:33.923" level="INFO">Copied: 002_st22_01.jpg
Copied: 002_st22_03_01.jpg
Skipped: Output.xml - Not a valid image file or format not supported. Error: cannot identify image file 'C:\\Replay\\PVH\\Output\\bfb2634c-9020-4228-8739-7abe3a14db5a\\pabot_results\\0\\Output.xml'
Skipped: robot_stderr.out - Not a valid image file or format not supported. Error: cannot identify image file 'C:\\Replay\\PVH\\Output\\bfb2634c-9020-4228-8739-7abe3a14db5a\\pabot_results\\0\\robot_stderr.out'
Skipped: robot_stdout.out - Not a valid image file or format not supported. Error: cannot identify image file 'C:\\Replay\\PVH\\Output\\bfb2634c-9020-4228-8739-7abe3a14db5a\\pabot_results\\0\\robot_stdout.out'</msg>
<status status="PASS" starttime="20250327 16:47:33.819" endtime="20250327 16:47:33.924"/>
</kw>
<status status="PASS" starttime="20250327 16:47:28.828" endtime="20250327 16:47:33.924"/>
</kw>
<tag>pvh-st22</tag>
<tag>Regression</tag>
<status status="PASS" starttime="20250327 16:47:28.827" endtime="20250327 16:47:33.924"/>
</test>
<kw name="System Logout" library="PVH-st22" type="TEARDOWN">
<kw name="Run Transaction" library="SAP_Tcode_Library">
<arg>/nex</arg>
<doc>Runs a Sap transaction. An error is given when an unknown transaction is specified.</doc>
<status status="PASS" starttime="20250327 16:47:33.925" endtime="20250327 16:47:33.961"/>
</kw>
<kw name="Sleep" library="BuiltIn">
<arg>5</arg>
<doc>Pauses the test executed for the given time.</doc>
<msg timestamp="20250327 16:47:38.962" level="INFO">Slept 5 seconds</msg>
<status status="PASS" starttime="20250327 16:47:33.961" endtime="20250327 16:47:38.963"/>
</kw>
<status status="PASS" starttime="20250327 16:47:33.925" endtime="20250327 16:47:38.963"/>
</kw>
<status status="PASS" starttime="20250327 16:47:09.676" endtime="20250327 16:47:38.963"/>
</suite>
<doc>Testing functionality through Robot Framework</doc>
<meta name="environment">Dev</meta>
<meta name="test_browser_name">chrome</meta>
<meta name="test_browser_version">134.0.6998.36</meta>
<meta name="test_driver_version">134.0.6998.35 </meta>
<meta name="test_environment">Dev</meta>
<meta name="test_freeze_dependencies">astroid==3.3.8,attrs==25.1.0,beautifulsoup4==4.13.3,bs4==0.0.2,certifi==2025.1.31,cffi==1.17.1,chardet==5.2.0,charset-normalizer==3.4.1,click==8.1.8,colorama==0.4.6,cryptography==44.0.2,defusedxml==0.7.1,dill==0.3.9,docutils==0.21.2,et_xmlfile==2.0.0,exceptiongroup==1.2.2,fpdf==1.7.2,gitdb==4.0.12,GitPython==3.1.44,h11==0.14.0,idna==3.10,isort==6.0.1,Jinja2==3.1.5,jira==3.8.0,jsonpath-ng==1.7.0,jsonschema==4.23.0,jsonschema-specifications==2024.10.1,lazy-object-proxy==1.10.0,lxml==5.3.1,markdown-it-py==3.0.0,MarkupSafe==3.0.2,mccabe==0.7.0,mdurl==0.1.2,natsort==8.4.0,numpy==2.2.3,oauthlib==3.2.2,opencv-python==4.11.0.86,openpyxl==3.1.5,outcome==1.3.0.post0,packaging==24.2,pathspec==0.11.2,pillow==11.1.0,pip==25.0.1,platformdirs==4.3.6,ply==3.11,pycparser==2.22,Pygments==2.19.1,pylint==3.3.4,PyMuPDF==1.25.3,PySocks==1.7.1,pywin32==308,PyYAML==6.0.2,referencing==0.36.2,requests==2.32.3,requests-oauthlib==2.0.0,requests-toolbelt==1.0.0,rich==13.9.4,rich-click==1.6.1,robotframework==6.0.2,robotframework-datadriver==1.9.0,robotframework-excellib==2.0.1,robotframework-jsonlibrary==0.5,robotframework-pabot==2.16.0,robotframework-pythonlibcore==4.2.0,robotframework-requests==0.9.2,robotframework-sapguilibrary==1.1,robotframework-seleniumlibrary==5.1.3,robotframework-stacktrace==0.4.1,robotframework-tidy==4.5.0,rpds-py==0.23.1,selenium==4.9.1,setuptools==75.8.2,smmap==5.0.2,sniffio==1.3.1,sortedcontainers==2.4.0,soupsieve==2.6,tomli==2.0.2,tomlkit==0.13.2,trio==0.29.0,trio-websocket==0.12.2,typing_extensions==4.12.2,urllib3==2.3.0,wheel==0.45.1,wrapt==1.17.2,wsproto==1.2.0</meta>
<status status="PASS" starttime="20250327 16:47:05.264" endtime="20250327 16:47:39.034"/>
</suite>
<statistics>
<total>
<stat pass="1" fail="0" skip="0">All Tests</stat>
</total>
<tag>
<stat pass="1" fail="0" skip="0">pvh-st22</stat>
<stat pass="1" fail="0" skip="0">Regression</stat>
</tag>
<suite>
<stat pass="1" fail="0" skip="0" id="s1" name="Tests">Tests</stat>
<stat pass="1" fail="0" skip="0" id="s1-s1" name="Test PVH-st22">Tests.Test PVH-st22</stat>
</suite>
</statistics>
<errors>
</errors>
</robot>
